Requesting your apps list...
▸ You have only one app (MediaMajik) proceeding...
Loading the logs
2014/10/14 22:11:09, app-mediamajik-8aca, client.log | INFO: Processing execute[psql -c 'CREATE EXTENSION IF NOT EXISTS "pg_freespacemap"' db10701] action run (ninefold_app::postgresql_master line 11)
2014/10/14 22:11:09, app-mediamajik-8aca, client.log | INFO: Processing execute[psql -c 'CREATE EXTENSION IF NOT EXISTS "pg_stat_statements"' db10701] action run (ninefold_app::postgresql_master line 11)
2014/10/14 22:11:09, app-mediamajik-8aca, client.log | INFO: Processing execute[psql -c 'CREATE EXTENSION IF NOT EXISTS "pg_trgm"' db10701] action run (ninefold_app::postgresql_master line 11)
2014/10/14 22:11:10, app-mediamajik-8aca, client.log | INFO: Processing execute[psql -c 'CREATE EXTENSION IF NOT EXISTS "pgcrypto"' db10701] action run (ninefold_app::postgresql_master line 11)
2014/10/14 22:11:10, app-mediamajik-8aca, client.log | INFO: Processing execute[psql -c 'CREATE EXTENSION IF NOT EXISTS "pgrowlocks"' db10701] action run (ninefold_app::postgresql_master line 11)
2014/10/14 22:11:10, app-mediamajik-8aca, client.log | INFO: Processing execute[psql -c 'CREATE EXTENSION IF NOT EXISTS "pgstattuple"' db10701] action run (ninefold_app::postgresql_master line 11)
2014/10/14 22:11:10, app-mediamajik-8aca, client.log | INFO: Processing execute[psql -c 'CREATE EXTENSION IF NOT EXISTS "plpgsql"' db10701] action run (ninefold_app::postgresql_master line 11)
2014/10/14 22:11:10, app-mediamajik-8aca, client.log | INFO: Processing execute[psql -c 'CREATE EXTENSION IF NOT EXISTS "postgis"' db10701] action run (ninefold_app::postgresql_master line 11)
2014/10/14 22:11:10, app-mediamajik-8aca, client.log | INFO: Processing execute[psql -c 'CREATE SCHEMA "postgis"' db10701] action run (ninefold_app::postgresql_master line 21)
2014/10/14 22:11:11, app-mediamajik-8aca, client.log | INFO: Processing execute[psql -c 'ALTER EXTENSION "postgis" SET SCHEMA "postgis"' db10701] action run (ninefold_app::postgresql_master line 38)
2014/10/14 22:11:11, app-mediamajik-8aca, client.log | INFO: Processing execute[psql -c 'CREATE EXTENSION IF NOT EXISTS "postgis_topology"' db10701] action run (ninefold_app::postgresql_master line 11)
2014/10/14 22:11:11, app-mediamajik-8aca, client.log | INFO: Processing execute[psql -c 'ALTER EXTENSION "postgis_topology" SET SCHEMA "topology"' db10701] action run (ninefold_app::postgresql_master line 49)
2014/10/14 22:11:11, app-mediamajik-8aca, client.log | INFO: Processing execute[psql -c 'CREATE EXTENSION IF NOT EXISTS "refint"' db10701] action run (ninefold_app::postgresql_master line 11)
2014/10/14 22:11:12, app-mediamajik-8aca, client.log | INFO: Processing execute[psql -c 'CREATE EXTENSION IF NOT EXISTS "seg"' db10701] action run (ninefold_app::postgresql_master line 11)
2014/10/14 22:11:12, app-mediamajik-8aca, client.log | INFO: Processing execute[psql -c 'CREATE EXTENSION IF NOT EXISTS "sslinfo"' db10701] action run (ninefold_app::postgresql_master line 11)
2014/10/14 22:11:12, app-mediamajik-8aca, client.log | INFO: Processing execute[psql -c 'CREATE EXTENSION IF NOT EXISTS "tablefunc"' db10701] action run (ninefold_app::postgresql_master line 11)
2014/10/14 22:11:12, app-mediamajik-8aca, client.log | INFO: Processing execute[psql -c 'CREATE EXTENSION IF NOT EXISTS "tcn"' db10701] action run (ninefold_app::postgresql_master line 11)
2014/10/14 22:11:12, app-mediamajik-8aca, client.log | INFO: Processing execute[psql -c 'CREATE EXTENSION IF NOT EXISTS "test_parser"' db10701] action run (ninefold_app::postgresql_master line 11)
2014/10/14 22:11:12, app-mediamajik-8aca, client.log | INFO: Processing execute[psql -c 'CREATE EXTENSION IF NOT EXISTS "timetravel"' db10701] action run (ninefold_app::postgresql_master line 11)
2014/10/14 22:11:13, app-mediamajik-8aca, client.log | INFO: Processing execute[psql -c 'CREATE EXTENSION IF NOT EXISTS "tsearch2"' db10701] action run (ninefold_app::postgresql_master line 11)
2014/10/14 22:11:13, app-mediamajik-8aca, client.log | INFO: Processing execute[psql -c 'CREATE EXTENSION IF NOT EXISTS "unaccent"' db10701] action run (ninefold_app::postgresql_master line 11)
2014/10/14 22:11:13, app-mediamajik-8aca, client.log | INFO: Processing execute[psql -c 'CREATE EXTENSION IF NOT EXISTS "uuid-ossp"' db10701] action run (ninefold_app::postgresql_master line 11)
2014/10/14 22:11:13, app-mediamajik-8aca, client.log | INFO: Processing execute[psql -c 'CREATE EXTENSION IF NOT EXISTS "xml2"' db10701] action run (ninefold_app::postgresql_master line 11)
2014/10/14 22:11:13, app-mediamajik-8aca, client.log | INFO: Processing execute[psql -c 'ALTER ROLE app SET search_path TO "$user",public,postgis,topology'] action run (ninefold_app::postgresql_master line 58)
2014/10/14 22:11:13, app-mediamajik-8aca, client.log | INFO: execute[psql -c 'ALTER ROLE app SET search_path TO "$user",public,postgis,topology'] ran successfully
2014/10/14 22:11:13, app-mediamajik-8aca, client.log | INFO: Processing execute[psql -c 'GRANT ALL ON SCHEMA postgis TO public' db10701] action run (ninefold_app::postgresql_master line 62)
2014/10/14 22:11:13, app-mediamajik-8aca, client.log | INFO: execute[psql -c 'GRANT ALL ON SCHEMA postgis TO public' db10701] ran successfully
2014/10/14 22:11:14, app-mediamajik-8aca, client.log | INFO: Processing execute[psql -c 'GRANT ALL ON SCHEMA topology TO public' db10701] action run (ninefold_app::postgresql_master line 66)
2014/10/14 22:11:14, app-mediamajik-8aca, client.log | INFO: execute[psql -c 'GRANT ALL ON SCHEMA topology TO public' db10701] ran successfully
2014/10/14 22:11:14, app-mediamajik-8aca, client.log | INFO: Processing execute[psql -c 'ALTER DEFAULT PRIVILEGES IN SCHEMA postgis GRANT SELECT ON TABLES TO public' db10701] action run (ninefold_app::postgresql_master line 70)
2014/10/14 22:11:14, app-mediamajik-8aca, client.log | INFO: execute[psql -c 'ALTER DEFAULT PRIVILEGES IN SCHEMA postgis GRANT SELECT ON TABLES TO public' db10701] ran successfully
2014/10/14 22:11:14, app-mediamajik-8aca, client.log | INFO: Processing execute[psql -c 'ALTER DEFAULT PRIVILEGES IN SCHEMA topology GRANT SELECT ON TABLES TO public' db10701] action run (ninefold_app::postgresql_master line 74)
2014/10/14 22:11:14, app-mediamajik-8aca, client.log | INFO: execute[psql -c 'ALTER DEFAULT PRIVILEGES IN SCHEMA topology GRANT SELECT ON TABLES TO public' db10701] ran successfully
2014/10/14 22:11:14, app-mediamajik-8aca, client.log | INFO: Processing execute[psql -c 'GRANT ALL PRIVILEGES ON ALL TABLES IN SCHEMA postgis TO public' db10701] action run (ninefold_app::postgresql_master line 78)
2014/10/14 22:11:14, app-mediamajik-8aca, client.log | INFO: execute[psql -c 'GRANT ALL PRIVILEGES ON ALL TABLES IN SCHEMA postgis TO public' db10701] ran successfully
2014/10/14 22:11:14, app-mediamajik-8aca, client.log | INFO: Processing execute[psql -c 'GRANT ALL PRIVILEGES ON ALL TABLES IN SCHEMA topology TO public' db10701] action run (ninefold_app::postgresql_master line 82)
2014/10/14 22:11:14, app-mediamajik-8aca, client.log | INFO: execute[psql -c 'GRANT ALL PRIVILEGES ON ALL TABLES IN SCHEMA topology TO public' db10701] ran successfully
2014/10/14 22:11:15, app-mediamajik-8aca, client.log | INFO: Processing ruby_block[save node data for database_master_postgresql node app-mediamajik-8aca] action create (ninefold_app::postgresql_master line 163)
2014/10/14 22:11:15, app-mediamajik-8aca, client.log | INFO: ruby_block[save node data for database_master_postgresql node app-mediamajik-8aca] called
2014/10/14 22:11:15, app-mediamajik-8aca, client.log | INFO: ruby_block[save node data for database_master_postgresql node app-mediamajik-8aca] sending create action to cron[chef-client] (immediate)
2014/10/14 22:11:15, app-mediamajik-8aca, client.log | INFO: Processing cron[chef-client] action create (chef-client::cron line 103)
2014/10/14 22:11:15, app-mediamajik-8aca, client.log | INFO: cron[chef-client] updated crontab entry
2014/10/14 22:11:15, app-mediamajik-8aca, syslog     | localhost crontab[2112]: (root) LIST (root)
2014/10/14 22:11:15, app-mediamajik-8aca, syslog     | localhost crontab[2115]: (root) LIST (root)
2014/10/14 22:11:15, app-mediamajik-8aca, client.log | INFO: Processing chef_gem[mime-types] action upgrade (ninefold_app::postgresql_backups line 56)
2014/10/14 22:11:15, app-mediamajik-8aca, client.log | INFO: Processing chef_gem[backup] action upgrade (ninefold_app::postgresql_backups line 56)
2014/10/14 22:11:15, app-mediamajik-8aca, client.log | INFO: Processing chef_gem[fog] action upgrade (ninefold_app::postgresql_backups line 56)
2014/10/14 22:11:15, app-mediamajik-8aca, client.log | INFO: Processing chef_gem[ptools] action upgrade (ninefold_app::postgresql_backups line 56)
2014/10/14 22:11:15, app-mediamajik-8aca, client.log | INFO: Processing backup_install[app-mediamajik-8aca] action install (ninefold_app::postgresql_backups line 64)
2014/10/14 22:11:15, app-mediamajik-8aca, client.log | WARN: Cloning resource attributes for chef_gem[backup] from prior resource (CHEF-3694)
2014/10/14 22:11:15, app-mediamajik-8aca, client.log | WARN: Previous chef_gem[backup]: /var/chef/cache/cookbooks/ninefold_app/recipes/postgresql_backups.rb:56:in `block in from_file'
2014/10/14 22:11:15, app-mediamajik-8aca, client.log | WARN: Current  chef_gem[backup]: /var/chef/cache/cookbooks/backup/providers/install.rb:2:in `block in class_from_file'
2014/10/14 22:11:15, app-mediamajik-8aca, client.log | INFO: Processing chef_gem[backup] action install (/var/chef/cache/cookbooks/backup/providers/install.rb line 2)
2014/10/14 22:11:15, app-mediamajik-8aca, client.log | INFO: Processing chef_gem[backup] action install (/var/chef/cache/cookbooks/backup/providers/install.rb line 2)
2014/10/14 22:11:15, app-mediamajik-8aca, client.log | INFO: Processing backup_generate_config[app-mediamajik-8aca] action setup (ninefold_app::postgresql_backups line 65)
2014/10/14 22:11:15, app-mediamajik-8aca, client.log | INFO: Processing directory[/opt/backup/keys] action create (/var/chef/cache/cookbooks/backup/providers/generate_config.rb line 3)
2014/10/14 22:11:15, app-mediamajik-8aca, client.log | INFO: Processing directory[/opt/backup/models] action create (/var/chef/cache/cookbooks/backup/providers/generate_config.rb line 3)
2014/10/14 22:11:15, app-mediamajik-8aca, client.log | INFO: Processing directory[/opt/backup/logs] action create (/var/chef/cache/cookbooks/backup/providers/generate_config.rb line 3)
2014/10/14 22:11:15, app-mediamajik-8aca, client.log | INFO: Processing template[/opt/backup/config.rb] action create (/var/chef/cache/cookbooks/backup/providers/generate_config.rb line 9)
2014/10/14 22:11:15, app-mediamajik-8aca, client.log | INFO: Processing package[gzip] action upgrade (ninefold_app::postgresql_backups line 68)
2014/10/14 22:11:16, app-mediamajik-8aca, client.log | INFO: Processing package[libxml2-dev] action upgrade (ninefold_app::postgresql_backups line 68)
2014/10/14 22:11:16, app-mediamajik-8aca, client.log | INFO: Processing package[libxslt1-dev] action upgrade (ninefold_app::postgresql_backups line 68)
2014/10/14 22:11:16, app-mediamajik-8aca, client.log | INFO: Processing template[/usr/local/bin/nf_backup] action create (ninefold_app::postgresql_backups line 77)
2014/10/14 22:11:16, app-mediamajik-8aca, client.log | INFO: Processing link[/usr/bin/backup] action create (ninefold_app::postgresql_backups line 82)
2014/10/14 22:11:16, app-mediamajik-8aca, client.log | INFO: Processing template[/usr/local/bin/restore_db] action create (ninefold_app::postgresql_backups line 90)
2014/10/14 22:11:16, app-mediamajik-8aca, client.log | INFO: Processing template[/usr/local/bin/restore_db_config.json] action create (ninefold_app::postgresql_backups line 100)
2014/10/14 22:11:16, app-mediamajik-8aca, client.log | INFO: Processing backup_generate_model[scheduled] action backup (ninefold_app::postgresql_backups line 116)
2014/10/14 22:11:16, app-mediamajik-8aca, client.log | INFO: Processing backup_generate_model[scheduled] action disable (ninefold_app::postgresql_backups line 116)
2014/10/14 22:11:16, app-mediamajik-8aca, client.log | WARN: Cloning resource attributes for cron[scheduled backup: scheduled] from prior resource (CHEF-3694)
2014/10/14 22:11:16, app-mediamajik-8aca, client.log | WARN: Previous cron[scheduled backup: scheduled]: /var/chef/cache/cookbooks/backup/providers/generate_model.rb:18:in `block in class_from_file'
2014/10/14 22:11:16, app-mediamajik-8aca, client.log | WARN: Current  cron[scheduled backup: scheduled]: /var/chef/cache/cookbooks/backup/providers/generate_model.rb:32:in `block in class_from_file'
2014/10/14 22:11:16, app-mediamajik-8aca, client.log | INFO: Processing template[/opt/backup/models/scheduled.rb] action create (/var/chef/cache/cookbooks/backup/providers/generate_model.rb line 2)
2014/10/14 22:11:16, app-mediamajik-8aca, syslog     | localhost crontab[2118]: (root) REPLACE (root)
2014/10/14 22:11:16, app-mediamajik-8aca, syslog     | localhost crontab[2140]: (root) LIST (root)
2014/10/14 22:11:16, app-mediamajik-8aca, client.log | INFO: Processing cron[scheduled backup: scheduled] action create (/var/chef/cache/cookbooks/backup/providers/generate_model.rb line 18)
2014/10/14 22:11:16, app-mediamajik-8aca, client.log | INFO: cron[scheduled backup: scheduled] added crontab entry
2014/10/14 22:11:16, app-mediamajik-8aca, syslog     | localhost crontab[2143]: (root) LIST (root)
2014/10/14 22:11:16, app-mediamajik-8aca, syslog     | localhost crontab[2146]: (root) REPLACE (root)
2014/10/14 22:11:16, app-mediamajik-8aca, syslog     | localhost crontab[2149]: (root) LIST (root)
2014/10/14 22:11:16, app-mediamajik-8aca, client.log | INFO: Processing cron[scheduled backup: scheduled] action delete (/var/chef/cache/cookbooks/backup/providers/generate_model.rb line 32)
2014/10/14 22:11:16, app-mediamajik-8aca, client.log | INFO: cron[scheduled backup: scheduled] deleted crontab entry
2014/10/14 22:11:16, app-mediamajik-8aca, client.log | INFO: Processing backup_generate_model[manual] action backup (ninefold_app::postgresql_backups line 159)
2014/10/14 22:11:16, app-mediamajik-8aca, client.log | INFO: Processing backup_generate_model[manual] action disable (ninefold_app::postgresql_backups line 159)
2014/10/14 22:11:16, app-mediamajik-8aca, client.log | WARN: Cloning resource attributes for cron[scheduled backup: manual] from prior resource (CHEF-3694)
2014/10/14 22:11:16, app-mediamajik-8aca, client.log | WARN: Previous cron[scheduled backup: manual]: /var/chef/cache/cookbooks/backup/providers/generate_model.rb:18:in `block in class_from_file'
2014/10/14 22:11:16, app-mediamajik-8aca, client.log | WARN: Current  cron[scheduled backup: manual]: /var/chef/cache/cookbooks/backup/providers/generate_model.rb:32:in `block in class_from_file'
2014/10/14 22:11:16, app-mediamajik-8aca, syslog     | localhost crontab[2152]: (root) LIST (root)
2014/10/14 22:11:16, app-mediamajik-8aca, client.log | INFO: Processing template[/opt/backup/models/manual.rb] action create (/var/chef/cache/cookbooks/backup/providers/generate_model.rb line 2)
2014/10/14 22:11:16, app-mediamajik-8aca, syslog     | localhost crontab[2155]: (root) REPLACE (root)
2014/10/14 22:11:16, app-mediamajik-8aca, syslog     | localhost crontab[2158]: (root) LIST (root)
2014/10/14 22:11:16, app-mediamajik-8aca, client.log | INFO: Processing cron[scheduled backup: manual] action create (/var/chef/cache/cookbooks/backup/providers/generate_model.rb line 18)
2014/10/14 22:11:16, app-mediamajik-8aca, client.log | INFO: cron[scheduled backup: manual] added crontab entry
2014/10/14 22:11:16, app-mediamajik-8aca, syslog     | localhost crontab[2161]: (root) LIST (root)
2014/10/14 22:11:16, app-mediamajik-8aca, client.log | INFO: Processing cron[scheduled backup: manual] action delete (/var/chef/cache/cookbooks/backup/providers/generate_model.rb line 32)
2014/10/14 22:11:16, app-mediamajik-8aca, syslog     | localhost crontab[2164]: (root) REPLACE (root)
2014/10/14 22:11:16, app-mediamajik-8aca, client.log | INFO: cron[scheduled backup: manual] deleted crontab entry
2014/10/14 22:11:16, app-mediamajik-8aca, syslog     | localhost crontab[2167]: (root) LIST (root)
2014/10/14 22:11:16, app-mediamajik-8aca, syslog     | localhost crontab[2170]: (root) LIST (root)
2014/10/14 22:11:17, app-mediamajik-8aca, client.log | INFO: Processing package[check-postgres] action install (ninefold_app::monitor_db_postgresql line 1)
2014/10/14 22:11:17, app-mediamajik-8aca, client.log | INFO: Processing ruby_block[remove stale postgresql state information] action run (ninefold_app::monitor_db_postgresql line 3)
2014/10/14 22:11:17, app-mediamajik-8aca, client.log | INFO: ruby_block[remove stale postgresql state information] called
2014/10/14 22:11:17, app-mediamajik-8aca, syslog     | localhost crontab[2173]: (root) REPLACE (root)
2014/10/14 22:11:18, app-mediamajik-8aca, client.log | INFO: Processing ruby_block[store database attributes] action run (ninefold_app::monitor_db_postgresql line 19)
2014/10/14 22:11:20, app-mediamajik-8aca, client.log | INFO: ruby_block[store database attributes] called
2014/10/14 22:11:20, app-mediamajik-8aca, client.log | INFO: Processing cron[clean old monitoring data] action create (ninefold_app::monitor_db_postgresql line 85)
2014/10/14 22:11:20, app-mediamajik-8aca, client.log | INFO: Processing ninefold_app_log[Completed postgresql_master installation] action write (ninefold_app::default line 127)
2014/10/14 22:11:20, app-mediamajik-8aca, client.log | INFO: Completed postgresql_master installation
2014/10/14 22:11:20, app-mediamajik-8aca, client.log | INFO: Processing ninefold_app_log[Starting redis_server installation] action write (ninefold_app::default line 125)
2014/10/14 22:11:20, app-mediamajik-8aca, client.log | INFO: Starting redis_server installation
2014/10/14 22:11:20, app-mediamajik-8aca, client.log | INFO: Processing ruby_block[update vm.overcommit_memory setting for redis] action create (ninefold_app::install_addon_redis line 59)
2014/10/14 22:11:20, app-mediamajik-8aca, client.log | INFO: Processing package[tar] action install (redisio::default line 23)
2014/10/14 22:11:20, app-mediamajik-8aca, client.log | INFO: Processing package[build-essential] action install (redisio::default line 23)
2014/10/14 22:11:20, app-mediamajik-8aca, client.log | INFO: Processing template[/etc/pam.d/su] action create (ulimit::default line 22)
2014/10/14 22:11:20, app-mediamajik-8aca, client.log | INFO: Processing redisio_install[redis-servers] action run (redisio::install line 30)
2014/10/14 22:11:20, app-mediamajik-8aca, client.log | INFO: The Redis server version is: 2.8.8
2014/10/14 22:11:20, app-mediamajik-8aca, client.log | INFO: Processing user[redis] action create (/var/chef/cache/cookbooks/redisio/providers/install.rb line 101)
2014/10/14 22:11:20, app-mediamajik-8aca, client.log | INFO: Processing directory[/etc/redis] action create (/var/chef/cache/cookbooks/redisio/providers/install.rb line 109)
2014/10/14 22:11:20, app-mediamajik-8aca, client.log | INFO: Processing directory[/var/lib/redis] action create (/var/chef/cache/cookbooks/redisio/providers/install.rb line 117)
2014/10/14 22:11:20, app-mediamajik-8aca, client.log | INFO: Processing directory[/var/run/redis/6379] action create (/var/chef/cache/cookbooks/redisio/providers/install.rb line 125)
2014/10/14 22:11:20, app-mediamajik-8aca, client.log | INFO: Processing directory[.] action create (/var/chef/cache/cookbooks/redisio/providers/install.rb line 133)
2014/10/14 22:11:20, app-mediamajik-8aca, client.log | INFO: Processing file[/var/lib/redis/appendonly-6379.aof] action create (/var/chef/cache/cookbooks/redisio/providers/install.rb line 153)
2014/10/14 22:11:20, app-mediamajik-8aca, client.log | INFO: Processing file[/var/lib/redis/dump-6379.rdb] action create (/var/chef/cache/cookbooks/redisio/providers/install.rb line 160)
2014/10/14 22:11:20, app-mediamajik-8aca, client.log | INFO: Processing template[/etc/security/limits.d/redis_limits.conf] action create (/var/chef/cache/cookbooks/ulimit/definitions/user_ulimit.rb line 13)
2014/10/14 22:11:20, app-mediamajik-8aca, client.log | INFO: Processing template[/etc/redis/6379.conf] action create (/var/chef/cache/cookbooks/redisio/providers/install.rb line 174)
2014/10/14 22:11:20, app-mediamajik-8aca, client.log | INFO: Processing template[/etc/init.d/redis6379] action create (/var/chef/cache/cookbooks/redisio/providers/install.rb line 221)
2014/10/14 22:11:20, app-mediamajik-8aca, client.log | INFO: Processing template[/etc/init/redis6379.conf] action create (/var/chef/cache/cookbooks/redisio/providers/install.rb line 245)
2014/10/14 22:11:20, app-mediamajik-8aca, client.log | INFO: Processing service[redis6379] action nothing (redisio::install line 46)
2014/10/14 22:11:21, app-mediamajik-8aca, client.log | INFO: Processing service[redis6379] action start (redisio::install line 46)
2014/10/14 22:11:21, app-mediamajik-8aca, syslog     | localhost crontab[2349]: (root) LIST (postgres)
2014/10/14 22:11:21, app-mediamajik-8aca, client.log | INFO: Processing service[redis6379] action enable (redisio::install line 46)
2014/10/14 22:11:21, app-mediamajik-8aca, client.log | INFO: Processing ruby_block[restart redis server on changes] action create (ninefold_app::install_addon_redis line 81)
2014/10/14 22:11:22, app-mediamajik-8aca, client.log | INFO: Processing ruby_block[set addon:redis completed status] action create (ninefold_app::install_addon_redis line 100)
2014/10/14 22:11:23, app-mediamajik-8aca, client.log | INFO: ruby_block[set addon:redis completed status] called
2014/10/14 22:11:23, app-mediamajik-8aca, client.log | INFO: Processing ninefold_app_log[Completed redis_server installation] action write (ninefold_app::default line 127)
2014/10/14 22:11:23, app-mediamajik-8aca, client.log | INFO: Completed redis_server installation
2014/10/14 22:11:23, app-mediamajik-8aca, client.log | INFO: Processing ninefold_app_log[Starting memcached_server installation] action write (ninefold_app::default line 125)
2014/10/14 22:11:23, app-mediamajik-8aca, client.log | INFO: Starting memcached_server installation
2014/10/14 22:11:23, app-mediamajik-8aca, client.log | INFO: Processing log[Creating memcached instance mc_app-mediamajik-8aca] action write (ninefold_app::install_addon_memcached line 26)
2014/10/14 22:11:23, app-mediamajik-8aca, client.log | INFO: Creating memcached instance mc_app-mediamajik-8aca
2014/10/14 22:11:23, app-mediamajik-8aca, client.log | INFO: Processing service[runit] action nothing (runit::default line 20)
2014/10/14 22:11:23, app-mediamajik-8aca, client.log | INFO: Processing execute[start-runsvdir] action nothing (runit::default line 24)
2014/10/14 22:11:23, app-mediamajik-8aca, client.log | INFO: Processing execute[runit-hup-init] action nothing (runit::default line 33)
2014/10/14 22:11:23, app-mediamajik-8aca, client.log | INFO: Processing package[runit] action install (runit::default line 87)
2014/10/14 22:11:23, app-mediamajik-8aca, client.log | INFO: Processing package[memcached] action install (memcached::default line 25)
2014/10/14 22:11:23, app-mediamajik-8aca, client.log | INFO: Processing package[libmemcache-dev] action install (memcached::default line 29)
2014/10/14 22:11:23, app-mediamajik-8aca, client.log | INFO: Processing service[memcached] action nothing (memcached::default line 39)
2014/10/14 22:11:23, app-mediamajik-8aca, client.log | INFO: Processing template[/etc/memcached.conf] action create (memcached::default line 61)
2014/10/14 22:11:23, app-mediamajik-8aca, client.log | INFO: Processing service[memcached-mc_app-mediamajik-8aca] action nothing (dynamically defined)
2014/10/14 22:11:24, app-mediamajik-8aca, client.log | INFO: Processing runit_service[memcached-mc_app-mediamajik-8aca] action enable (ninefold_app::install_addon_memcached line 26)
2014/10/14 22:11:24, app-mediamajik-8aca, client.log | INFO: Processing package[libmemcached-tools] action install (ninefold_app::install_addon_memcached line 34)
2014/10/14 22:11:24, app-mediamajik-8aca, client.log | INFO: Processing ruby_block[set addon:memcached completed status] action create (ninefold_app::install_addon_memcached line 38)
2014/10/14 22:11:24, app-mediamajik-8aca, client.log | INFO: ruby_block[set addon:memcached completed status] called
2014/10/14 22:11:24, app-mediamajik-8aca, client.log | INFO: Processing ninefold_app_log[Completed memcached_server installation] action write (ninefold_app::default line 127)
2014/10/14 22:11:24, app-mediamajik-8aca, client.log | INFO: Completed memcached_server installation
2014/10/14 22:11:24, app-mediamajik-8aca, client.log | INFO: Processing ninefold_app_log[Starting web installation] action write (ninefold_app::default line 125)
2014/10/14 22:11:24, app-mediamajik-8aca, client.log | INFO: Starting web installation
2014/10/14 22:11:24, app-mediamajik-8aca, client.log | INFO: Processing package[git-core] action install (git::default line 21)
2014/10/14 22:11:24, app-mediamajik-8aca, client.log | INFO: Processing apt_repository[node.js] action add (nodejs::install_from_package line 32)
2014/10/14 22:11:24, app-mediamajik-8aca, client.log | INFO: Processing execute[install-key C7917B12] action run (/var/chef/cache/cookbooks/apt/providers/repository.rb line 26)
2014/10/14 22:11:24, app-mediamajik-8aca, client.log | INFO: Processing file[/var/lib/apt/periodic/update-success-stamp] action nothing (/var/chef/cache/cookbooks/apt/providers/repository.rb line 100)
2014/10/14 22:11:24, app-mediamajik-8aca, client.log | INFO: Processing execute[apt-get update] action nothing (/var/chef/cache/cookbooks/apt/providers/repository.rb line 104)
2014/10/14 22:11:24, app-mediamajik-8aca, client.log | INFO: Processing file[/etc/apt/sources.list.d/node.js.list] action create (/var/chef/cache/cookbooks/apt/providers/repository.rb line 116)
2014/10/14 22:11:25, app-mediamajik-8aca, client.log | INFO: Processing package[nodejs] action install (nodejs::install_from_package line 48)
2014/10/14 22:11:25, app-mediamajik-8aca, client.log | INFO: Processing package[bash] action upgrade (ninefold_app::install_app_common line 26)
2014/10/14 22:11:25, app-mediamajik-8aca, client.log | INFO: Processing package[nodejs] action upgrade (ninefold_app::install_app_common line 26)
2014/10/14 22:11:25, app-mediamajik-8aca, client.log | INFO: Processing package[libxml2-dev] action upgrade (ninefold_app::install_app_common line 26)
2014/10/14 22:11:26, app-mediamajik-8aca, client.log | INFO: Processing package[libxslt-dev] action upgrade (ninefold_app::install_app_common line 26)
2014/10/14 22:11:26, app-mediamajik-8aca, client.log | INFO: package[libxslt-dev] is a virtual package, actually acting on package[libxslt1-dev]
2014/10/14 22:11:26, app-mediamajik-8aca, client.log | INFO: Processing package[libcurl4-gnutls-dev] action upgrade (ninefold_app::install_app_common line 26)
2014/10/14 22:11:26, app-mediamajik-8aca, client.log | INFO: Processing package[libyaml-0-2] action upgrade (ninefold_app::install_app_common line 26)
2014/10/14 22:11:27, app-mediamajik-8aca, client.log | INFO: Processing package[libssl1.0.0] action upgrade (ninefold_app::install_app_common line 26)
2014/10/14 22:11:27, app-mediamajik-8aca, client.log | INFO: Processing package[openssl] action upgrade (ninefold_app::install_app_common line 26)
2014/10/14 22:11:27, app-mediamajik-8aca, client.log | INFO: Processing package[imagemagick] action upgrade (ninefold_app::install_app_common line 26)
2014/10/14 22:11:27, app-mediamajik-8aca, client.log | INFO: Processing package[moreutils] action upgrade (ninefold_app::install_app_common line 26)
2014/10/14 22:11:27, app-mediamajik-8aca, client.log | INFO: Processing package[dos2unix] action upgrade (ninefold_app::install_app_common line 26)
2014/10/14 22:11:27, app-mediamajik-8aca, client.log | INFO: Processing package[zip] action upgrade (ninefold_app::install_app_common line 26)
2014/10/14 22:11:27, app-mediamajik-8aca, client.log | INFO: Processing package[unzip] action upgrade (ninefold_app::install_app_common line 26)
2014/10/14 22:11:28, app-mediamajik-8aca, client.log | INFO: Processing package[pngquant] action upgrade (ninefold_app::install_app_common line 26)
2014/10/14 22:11:28, app-mediamajik-8aca, client.log | INFO: Processing log[Found Master database to be app-mediamajik-8aca] action write (ninefold_app::initialise_db_postgresql line 42)
2014/10/14 22:11:28, app-mediamajik-8aca, client.log | INFO: Found Master database to be app-mediamajik-8aca
2014/10/14 22:11:28, app-mediamajik-8aca, client.log | INFO: Processing apt_repository[ninefold] action add (ninefold_app::install_ninefold_repository line 14)
2014/10/14 22:11:29, app-mediamajik-8aca, client.log | INFO: Processing remote_file[/var/chef/cache/ops@ninefold.com.gpg.key] action create (/var/chef/cache/cookbooks/apt/providers/repository.rb line 53)
2014/10/14 22:11:31, app-mediamajik-8aca, client.log | INFO: Processing execute[install-key ops@ninefold.com.gpg.key] action run (/var/chef/cache/cookbooks/apt/providers/repository.rb line 67)
2014/10/14 22:11:31, app-mediamajik-8aca, client.log | INFO: Processing file[/var/lib/apt/periodic/update-success-stamp] action nothing (/var/chef/cache/cookbooks/apt/providers/repository.rb line 100)
2014/10/14 22:11:31, app-mediamajik-8aca, client.log | INFO: Processing execute[apt-get update] action nothing (/var/chef/cache/cookbooks/apt/providers/repository.rb line 104)
2014/10/14 22:11:31, app-mediamajik-8aca, client.log | INFO: Processing file[/etc/apt/sources.list.d/ninefold.list] action create (/var/chef/cache/cookbooks/apt/providers/repository.rb line 116)
2014/10/14 22:11:31, app-mediamajik-8aca, client.log | INFO: Processing log[Response from full installed ruby version discovery: 2.1.3] action write (ninefold_app::install_ruby line 34)
2014/10/14 22:11:31, app-mediamajik-8aca, client.log | INFO: Processing ohai[ruby] action nothing (ninefold_app::install_ruby line 69)
2014/10/14 22:11:31, app-mediamajik-8aca, client.log | INFO: Processing package[ninefold-ruby-2.1.3] action install (ninefold_app::install_ruby line 73)
2014/10/14 22:11:31, app-mediamajik-8aca, client.log | INFO: Processing ruby_block[set ruby path for the app] action create (ninefold_app::install_ruby line 79)
2014/10/14 22:11:31, app-mediamajik-8aca, client.log | INFO: Detected app ruby path as '/usr/local/bin/ruby2.1.3'
2014/10/14 22:11:31, app-mediamajik-8aca, client.log | INFO: Successfully updated alternative for ruby to /usr/local/bin/ruby2.1.3
2014/10/14 22:11:31, app-mediamajik-8aca, client.log | INFO: Automatic path obtained for gem2.1.3: /usr/local/bin/gem2.1.3
2014/10/14 22:11:31, app-mediamajik-8aca, client.log | INFO: Successfully updated alternative for gem to /usr/local/bin/gem2.1.3
2014/10/14 22:11:31, app-mediamajik-8aca, client.log | INFO: ruby_block[set ruby path for the app] called
2014/10/14 22:11:32, app-mediamajik-8aca, client.log | INFO: Processing gem_package[bundler] action upgrade (ninefold_app::install_ruby line 94)
2014/10/14 22:11:32, app-mediamajik-8aca, client.log | INFO: Processing chef_gem[ruby-shadow] action install (ninefold_app::install_ruby line 101)
2014/10/14 22:11:32, app-mediamajik-8aca, client.log | INFO: Processing log[Response from installed passenger package discovery: ninefold-2.1.2-libapache2-mod-passenger] action write (ninefold_app::install_passenger_package line 25)
2014/10/14 22:11:32, app-mediamajik-8aca, client.log | INFO: Processing log[Response from full installed passenger version discovery: [version] 4.0.40 [ruby] 2.1.2] action write (ninefold_app::install_passenger_package line 33)
2014/10/14 22:11:32, app-mediamajik-8aca, client.log | INFO: Processing log[Keeping previous version of passenger package] action write (ninefold_app::install_passenger_package line 57)
2014/10/14 22:11:32, app-mediamajik-8aca, client.log | INFO: Processing package[ninefold-rubygem-2.1.2-passenger] action install (ninefold_app::install_passenger_package line 73)
2014/10/14 22:11:33, app-mediamajik-8aca, client.log | INFO: Processing ruby_block[dynamic apache2 passenger path sets] action create (ninefold_app::install_passenger_package line 79)
2014/10/14 22:11:33, app-mediamajik-8aca, client.log | INFO: ruby_block[dynamic apache2 passenger path sets] called
2014/10/14 22:11:33, app-mediamajik-8aca, client.log | INFO: Processing log[Calculated max rails app instances (6) is within 2 of current (6): leaving as is] action write (ninefold_app::passenger_performance line 69)
2014/10/14 22:11:33, app-mediamajik-8aca, client.log | WARN: Calculated max rails app instances (6) is within 2 of current (6): leaving as is
2014/10/14 22:11:33, app-mediamajik-8aca, client.log | INFO: Processing log[System reports 203MB free memory which is less than our calculated value of 209MB] action write (ninefold_app::passenger_performance line 107)
2014/10/14 22:11:33, app-mediamajik-8aca, client.log | WARN: System reports 203MB free memory which is less than our calculated value of 209MB
2014/10/14 22:11:33, app-mediamajik-8aca, client.log | INFO: Processing log[Configuring 6 app instances based on memory map: {"max_process_per_core"=>6, "min_viable_processes"=>2, "app"=>85, "services"=>{"AppPreloader"=>0, "apache2"=>69, "beaver"=>23, "chef-client"=>109, "memcached"=>1, "newrelic"=>0, "Passenger\\w"=>9, "postgres"=>57, "redis-server"=>1, "repmgrd"=>2, "resque"=>0, "sidekiq"=>0, "skylight"=>0}, "total_memory"=>990, "total_services"=>271, "number_of_cores"=>1, "available_memory"=>719, "calc_processes"=>6, "free_memory"=>209}] action write (ninefold_app::passenger_performance line 110)
2014/10/14 22:11:33, app-mediamajik-8aca, client.log | INFO: Configuring 6 app instances based on memory map: {"max_process_per_core"=>6, "min_viable_processes"=>2, "app"=>85, "services"=>{"AppPreloader"=>0, "apache2"=>69, "beaver"=>23, "chef-client"=>109, "memcached"=>1, "newrelic"=>0, "Passenger\\w"=>9, "postgres"=>57, "redis-server"=>1, "repmgrd"=>2, "resque"=>0, "sidekiq"=>0, "skylight"=>0}, "total_memory"=>990, "total_services"=>271, "number_of_cores"=>1, "available_memory"=>719, "calc_processes"=>6, "free_memory"=>209}
2014/10/14 22:11:33, app-mediamajik-8aca, client.log | INFO: Processing package[apache2] action install (apache2::default line 20)
2014/10/14 22:11:33, app-mediamajik-8aca, client.log | INFO: Processing service[apache2] action enable (apache2::default line 24)
2014/10/14 22:11:33, app-mediamajik-8aca, client.log | INFO: Processing directory[/etc/apache2/ssl] action create (apache2::default line 128)
2014/10/14 22:11:33, app-mediamajik-8aca, client.log | INFO: Processing directory[/etc/apache2/conf.d] action create (apache2::default line 134)
2014/10/14 22:11:33, app-mediamajik-8aca, client.log | INFO: Processing directory[/var/cache/apache2] action create (apache2::default line 140)
2014/10/14 22:11:33, app-mediamajik-8aca, client.log | INFO: Processing template[apache2.conf] action create (apache2::default line 146)
2014/10/14 22:11:33, app-mediamajik-8aca, client.log | INFO: Processing template[apache2-conf-security] action create (apache2::default line 162)
2014/10/14 22:11:33, app-mediamajik-8aca, client.log | INFO: Processing template[apache2-conf-charset] action create (apache2::default line 172)
2014/10/14 22:11:33, app-mediamajik-8aca, client.log | INFO: Processing template[/etc/apache2/ports.conf] action create (apache2::default line 182)
2014/10/14 22:11:33, app-mediamajik-8aca, client.log | INFO: Processing template[/etc/apache2/sites-available/default] action create (apache2::default line 191)
2014/10/14 22:11:33, app-mediamajik-8aca, client.log | INFO: Processing template[/etc/apache2/mods-available/status.conf] action create (apache2::mod_status line 21)
2014/10/14 22:11:33, app-mediamajik-8aca, client.log | INFO: Processing execute[a2enmod status] action run (apache2::mod_status line 38)
2014/10/14 22:11:33, app-mediamajik-8aca, client.log | INFO: Processing template[/etc/apache2/mods-available/alias.conf] action create (apache2::mod_alias line 21)
2014/10/14 22:11:33, app-mediamajik-8aca, client.log | INFO: Processing execute[a2enmod alias] action run (apache2::mod_alias line 38)
2014/10/14 22:11:33, app-mediamajik-8aca, client.log | INFO: Processing execute[a2enmod auth_basic] action run (apache2::mod_auth_basic line 38)
2014/10/14 22:11:33, app-mediamajik-8aca, client.log | INFO: Processing execute[a2enmod authn_file] action run (apache2::mod_authn_file line 38)
2014/10/14 22:11:33, app-mediamajik-8aca, client.log | INFO: Processing execute[a2enmod authz_default] action run (apache2::mod_authz_default line 38)
2014/10/14 22:11:33, app-mediamajik-8aca, client.log | INFO: Processing execute[a2enmod authz_groupfile] action run (apache2::mod_authz_groupfile line 38)
2014/10/14 22:11:33, app-mediamajik-8aca, client.log | INFO: Processing execute[a2enmod authz_host] action run (apache2::mod_authz_host line 38)
2014/10/14 22:11:33, app-mediamajik-8aca, client.log | INFO: Processing execute[a2enmod authz_user] action run (apache2::mod_authz_user line 38)
2014/10/14 22:11:33, app-mediamajik-8aca, client.log | INFO: Processing template[/etc/apache2/mods-available/autoindex.conf] action create (apache2::mod_autoindex line 21)
2014/10/14 22:11:33, app-mediamajik-8aca, client.log | INFO: Processing execute[a2enmod autoindex] action run (apache2::mod_autoindex line 38)
2014/10/14 22:11:33, app-mediamajik-8aca, client.log | INFO: Processing template[/etc/apache2/mods-available/dir.conf] action create (apache2::mod_dir line 21)
2014/10/14 22:11:33, app-mediamajik-8aca, client.log | INFO: Processing execute[a2enmod dir] action run (apache2::mod_dir line 38)
2014/10/14 22:11:33, app-mediamajik-8aca, client.log | INFO: Processing execute[a2enmod env] action run (apache2::mod_env line 38)
2014/10/14 22:11:33, app-mediamajik-8aca, client.log | INFO: Processing template[/etc/apache2/mods-available/mime.conf] action create (apache2::mod_mime line 21)
2014/10/14 22:11:33, app-mediamajik-8aca, client.log | INFO: Processing execute[a2enmod mime] action run (apache2::mod_mime line 38)
2014/10/14 22:11:33, app-mediamajik-8aca, client.log | INFO: Processing template[/etc/apache2/mods-available/negotiation.conf] action create (apache2::mod_negotiation line 21)
2014/10/14 22:11:33, app-mediamajik-8aca, client.log | INFO: Processing execute[a2enmod negotiation] action run (apache2::mod_negotiation line 38)
2014/10/14 22:11:33, app-mediamajik-8aca, client.log | INFO: Processing template[/etc/apache2/mods-available/setenvif.conf] action create (apache2::mod_setenvif line 21)
2014/10/14 22:11:33, app-mediamajik-8aca, client.log | INFO: Processing execute[a2enmod setenvif] action run (apache2::mod_setenvif line 38)
2014/10/14 22:11:33, app-mediamajik-8aca, client.log | INFO: Processing service[apache2] action start (apache2::default line 206)
2014/10/14 22:11:34, app-mediamajik-8aca, client.log | INFO: Processing package[ninefold-2.1.2-libapache2-mod-passenger] action install (passenger_apache2::package line 25)
2014/10/14 22:11:34, app-mediamajik-8aca, client.log | INFO: Processing execute[a2enmod passenger] action run (passenger_apache2::package line 38)
2014/10/14 22:11:34, app-mediamajik-8aca, client.log | INFO: Processing template[/etc/apache2/mods-available/passenger.load] action create (passenger_apache2::mod_rails line 28)
2014/10/14 22:11:34, app-mediamajik-8aca, client.log | INFO: Processing template[/etc/apache2/mods-available/passenger.conf] action create (passenger_apache2::mod_rails line 40)
2014/10/14 22:11:34, app-mediamajik-8aca, client.log | INFO: Processing execute[a2enmod passenger] action run (passenger_apache2::mod_rails line 38)
2014/10/14 22:11:34, app-mediamajik-8aca, client.log | INFO: Processing ruby_block[reload_ruby] action nothing (passenger_apache2::default line 41)
2014/10/14 22:11:34, app-mediamajik-8aca, client.log | INFO: Processing execute[a2enmod proxy] action run (ninefold_app::configure_apache2 line 38)
2014/10/14 22:11:34, app-mediamajik-8aca, client.log | INFO: Processing execute[a2enmod proxy_http] action run (ninefold_app::configure_apache2 line 38)
2014/10/14 22:11:34, app-mediamajik-8aca, client.log | INFO: Processing execute[a2enmod expires] action run (ninefold_app::configure_apache2 line 38)
2014/10/14 22:11:34, app-mediamajik-8aca, client.log | INFO: Processing template[/etc/profile.d/ninefold.sh] action create (ninefold_app::install_app line 91)
2014/10/14 22:11:34, app-mediamajik-8aca, client.log | INFO: Processing ninefold_app_log[notify if malformed env vars] action write (ninefold_app::install_app line 108)
2014/10/14 22:11:34, app-mediamajik-8aca, client.log | INFO: Processing ruby_block[stop if malformed env vars] action nothing (ninefold_app::install_app line 117)
2014/10/14 22:11:34, app-mediamajik-8aca, client.log | INFO: Processing directory[/var/www/apps/10701/shared/log] action create (ninefold_app::install_app line 171)
2014/10/14 22:11:34, app-mediamajik-8aca, client.log | INFO: Processing log[Found Master: app-mediamajik-8aca in environment: production] action write (ninefold_app::install_app line 33)
2014/10/14 22:11:34, app-mediamajik-8aca, client.log | INFO: Found Master: app-mediamajik-8aca in environment: production
2014/10/14 22:11:34, app-mediamajik-8aca, client.log | INFO: Processing log[SSL is disabled.] action write (ninefold_app::install_app line 58)
2014/10/14 22:11:34, app-mediamajik-8aca, client.log | INFO: SSL is disabled.
2014/10/14 22:11:34, app-mediamajik-8aca, client.log | INFO: Processing file[/etc/apache2/ssl/nf.crt] action delete (ninefold_app::install_app line 63)
2014/10/14 22:11:34, app-mediamajik-8aca, client.log | INFO: Processing file[/etc/apache2/ssl/nf.private.key] action delete (ninefold_app::install_app line 63)
2014/10/14 22:11:34, app-mediamajik-8aca, client.log | INFO: Processing file[/etc/apache2/ssl/nf.chain.crt] action delete (ninefold_app::install_app line 63)
2014/10/14 22:11:34, app-mediamajik-8aca, client.log | INFO: Processing ruby_block[notify apache about ssl change] action nothing (ninefold_app::install_app line 71)
2014/10/14 22:11:34, app-mediamajik-8aca, client.log | INFO: Processing template[/usr/local/bin/nf] action create (ninefold_app::install_app line 10)
2014/10/14 22:11:34, app-mediamajik-8aca, client.log | INFO: Processing link[usr/bin/nf] action create (ninefold_app::install_app line 19)
2014/10/14 22:11:34, app-mediamajik-8aca, client.log | INFO: Processing directory[/usr/local/ninefold] action create (ninefold_app::install_app line 9)
2014/10/14 22:11:34, app-mediamajik-8aca, client.log | INFO: Processing template[/usr/local/ninefold/ruby_wrapper_script] action create (ninefold_app::install_app line 16)
2014/10/14 22:11:34, app-mediamajik-8aca, client.log | INFO: Processing file[/var/www/apps/10701/current/tmp/restart.txt] action delete (ninefold_app::install_app line 34)
2014/10/14 22:11:34, app-mediamajik-8aca, client.log | INFO: Processing directory[/var/www/apps/10701/shared/tmp] action create (ninefold_app::install_app line 25)
2014/10/14 22:11:34, app-mediamajik-8aca, client.log | INFO: Processing directory[/var/www/apps/10701/shared/log] action create (ninefold_app::install_app line 25)
2014/10/14 22:11:35, app-mediamajik-8aca, client.log | INFO: Processing ssh_known_hosts_entry[github.com] action create (ninefold_app::install_app line 10)
2014/10/14 22:11:35, app-mediamajik-8aca, client.log | INFO: Processing file[/etc/ssh/ssh_known_hosts] action create (/var/chef/cache/cookbooks/ssh_known_hosts/providers/entry.rb line 27)
2014/10/14 22:11:35, app-mediamajik-8aca, client.log | INFO: Processing ruby_block[add github.com to /etc/ssh/ssh_known_hosts] action run (/var/chef/cache/cookbooks/ssh_known_hosts/providers/entry.rb line 37)
2014/10/14 22:11:35, app-mediamajik-8aca, client.log | INFO: ruby_block[add github.com to /etc/ssh/ssh_known_hosts] called
2014/10/14 22:11:36, app-mediamajik-8aca, client.log | INFO: Processing ssh_known_hosts_entry[bitbucket.org] action create (ninefold_app::install_app line 10)
2014/10/14 22:11:37, app-mediamajik-8aca, client.log | WARN: Cloning resource attributes for file[/etc/ssh/ssh_known_hosts] from prior resource (CHEF-3694)
2014/10/14 22:11:37, app-mediamajik-8aca, client.log | WARN: Previous file[/etc/ssh/ssh_known_hosts]: /var/chef/cache/cookbooks/ssh_known_hosts/providers/entry.rb:27:in `block in class_from_file'
2014/10/14 22:11:37, app-mediamajik-8aca, client.log | WARN: Current  file[/etc/ssh/ssh_known_hosts]: /var/chef/cache/cookbooks/ssh_known_hosts/providers/entry.rb:27:in `block in class_from_file'
2014/10/14 22:11:37, app-mediamajik-8aca, client.log | INFO: Processing file[/etc/ssh/ssh_known_hosts] action create (/var/chef/cache/cookbooks/ssh_known_hosts/providers/entry.rb line 27)
2014/10/14 22:11:37, app-mediamajik-8aca, client.log | INFO: Processing ruby_block[add bitbucket.org to /etc/ssh/ssh_known_hosts] action run (/var/chef/cache/cookbooks/ssh_known_hosts/providers/entry.rb line 37)
2014/10/14 22:11:37, app-mediamajik-8aca, client.log | INFO: ruby_block[add bitbucket.org to /etc/ssh/ssh_known_hosts] called
2014/10/14 22:11:38, app-mediamajik-8aca, client.log | INFO: Processing directory[/var/www/apps/10701/shared/cached-copy (if invalid)] action delete (ninefold_app::install_app line 10)
2014/10/14 22:11:38, app-mediamajik-8aca, client.log | INFO: Processing log[Migrations: app already deployed, so not running db setup] action write (ninefold_app::install_app line 18)
2014/10/14 22:11:38, app-mediamajik-8aca, client.log | INFO: Migrations: app already deployed, so not running db setup
2014/10/14 22:11:38, app-mediamajik-8aca, client.log | INFO: Processing log[Migrations: running 'bash -o pipefail -c '(RAILS_ENV=production  /usr/local/bin/bundle exec rake db:migrate --trace) 2>&1 | ts '[%FT%T%z]' | tee -a /var/www/apps/10701/shared/log/migration.log' ## '] action write (ninefold_app::install_app line 45)
2014/10/14 22:11:38, app-mediamajik-8aca, client.log | INFO: Migrations: running 'bash -o pipefail -c '(RAILS_ENV=production  /usr/local/bin/bundle exec rake db:migrate --trace) 2>&1 | ts '[%FT%T%z]' | tee -a /var/www/apps/10701/shared/log/migration.log' ## '
2014/10/14 22:11:38, app-mediamajik-8aca, client.log | INFO: Processing application_ruby_memcached[10701] action nothing (ninefold_app::install_app line 115)
2014/10/14 22:11:38, app-mediamajik-8aca, client.log | INFO: Processing application_ruby_rails[10701] action nothing (ninefold_app::install_app line 115)
2014/10/14 22:11:38, app-mediamajik-8aca, client.log | INFO: Processing application_ruby_passenger_apache2[10701] action nothing (ninefold_app::install_app line 115)
2014/10/14 22:11:38, app-mediamajik-8aca, client.log | INFO: Processing application[10701] action deploy (ninefold_app::install_app line 57)
2014/10/14 22:11:38, app-mediamajik-8aca, client.log | INFO: Processing application_ruby_memcached[10701] action before_compile (ninefold_app::install_app line 115)
2014/10/14 22:11:38, app-mediamajik-8aca, client.log | INFO: Processing application_ruby_rails[10701] action before_compile (ninefold_app::install_app line 115)
2014/10/14 22:11:38, app-mediamajik-8aca, client.log | INFO: Processing application_ruby_passenger_apache2[10701] action before_compile (ninefold_app::install_app line 115)
2014/10/14 22:11:38, app-mediamajik-8aca, client.log | WARN: Cloning resource attributes for template[/etc/apache2/ports.conf] from prior resource (CHEF-3694)
2014/10/14 22:11:38, app-mediamajik-8aca, client.log | WARN: Previous template[/etc/apache2/ports.conf]: /var/chef/cache/cookbooks/apache2/recipes/default.rb:182:in `from_file'
2014/10/14 22:11:38, app-mediamajik-8aca, client.log | WARN: Current  template[/etc/apache2/ports.conf]: /var/chef/cache/cookbooks/apache2/recipes/mod_ssl.rb:37:in `from_file'
2014/10/14 22:11:38, app-mediamajik-8aca, client.log | INFO: Processing template[/etc/apache2/ports.conf] action create (apache2::mod_ssl line 37)
2014/10/14 22:11:38, app-mediamajik-8aca, client.log | INFO: Processing template[/etc/apache2/mods-available/ssl.conf] action create (apache2::mod_ssl line 21)
2014/10/14 22:11:38, app-mediamajik-8aca, client.log | INFO: Processing execute[a2enmod ssl] action run (apache2::mod_ssl line 38)
2014/10/14 22:11:38, app-mediamajik-8aca, client.log | INFO: Processing execute[a2enmod rewrite] action run (apache2::mod_rewrite line 38)
2014/10/14 22:11:38, app-mediamajik-8aca, client.log | INFO: Processing directory[/var/www/apps/10701] action create (/var/chef/cache/cookbooks/application/providers/default.rb line 75)
2014/10/14 22:11:38, app-mediamajik-8aca, client.log | INFO: Processing directory[/var/www/apps/10701/shared] action create (/var/chef/cache/cookbooks/application/providers/default.rb line 82)
2014/10/14 22:11:38, app-mediamajik-8aca, client.log | INFO: Processing file[/var/www/apps/10701/id_deploy] action create (/var/chef/cache/cookbooks/application/providers/default.rb line 90)
2014/10/14 22:11:38, app-mediamajik-8aca, client.log | INFO: Processing template[/var/www/apps/10701/deploy-ssh-wrapper] action create (/var/chef/cache/cookbooks/application/providers/default.rb line 97)
2014/10/14 22:11:38, app-mediamajik-8aca, client.log | INFO: Processing ruby_block[10701 before_deploy] action run (/var/chef/cache/cookbooks/application/providers/default.rb line 107)
2014/10/14 22:11:39, app-mediamajik-8aca, client.log | INFO: Processing application_ruby_memcached[10701] action before_deploy (ninefold_app::install_app line 115)
2014/10/14 22:11:39, app-mediamajik-8aca, client.log | INFO: Processing application_ruby_rails[10701] action before_deploy (ninefold_app::install_app line 115)
2014/10/14 22:11:39, app-mediamajik-8aca, client.log | INFO: Processing application_ruby_passenger_apache2[10701] action before_deploy (ninefold_app::install_app line 115)
2014/10/14 22:11:39, app-mediamajik-8aca, client.log | INFO: ruby_block[10701 before_deploy] called
2014/10/14 22:11:39, app-mediamajik-8aca, client.log | INFO: Processing template[/var/www/apps/10701/shared/memcached.yml] action create (/var/chef/cache/cookbooks/application_ruby/providers/memcached.rb line 37)
2014/10/14 22:11:39, app-mediamajik-8aca, client.log | INFO: Preferred ipaddress on app-mediamajik-8aca from app-mediamajik-8aca is 10.101.1.137
2014/10/14 22:11:39, app-mediamajik-8aca, client.log | INFO: Processing template[/var/www/apps/10701/shared/database.yml] action create (/var/chef/cache/cookbooks/application_ruby/providers/rails.rb line 190)
2014/10/14 22:11:39, app-mediamajik-8aca, client.log | INFO: Processing template[/etc/apache2/mods-available/deflate.conf] action create (apache2::mod_deflate line 21)
2014/10/14 22:11:39, app-mediamajik-8aca, client.log | INFO: Processing execute[a2enmod deflate] action run (apache2::mod_deflate line 38)
2014/10/14 22:11:39, app-mediamajik-8aca, client.log | INFO: Processing execute[a2enmod headers] action run (apache2::mod_headers line 38)
2014/10/14 22:11:39, app-mediamajik-8aca, client.log | INFO: Processing template[/etc/apache2/sites-available/10701.conf] action create (/var/chef/cache/cookbooks/apache2/definitions/web_app.rb line 29)
2014/10/14 22:11:39, app-mediamajik-8aca, client.log | INFO: Processing execute[a2ensite 10701.conf] action run (/var/chef/cache/cookbooks/apache2/definitions/apache_site.rb line 24)
2014/10/14 22:11:39, app-mediamajik-8aca, client.log | INFO: Processing execute[a2dissite 000-default] action run (/var/chef/cache/cookbooks/apache2/definitions/apache_site.rb line 34)
2014/10/14 22:11:39, app-mediamajik-8aca, client.log | INFO: Processing deploy_revision[10701] action deploy (/var/chef/cache/cookbooks/application/providers/default.rb line 122)
2014/10/14 22:11:39, app-mediamajik-8aca, client.log | INFO: Processing ninefold_app_log[Starting installation of Procfile defined services] action write (ninefold_app::install_app line 19)
2014/10/14 22:11:39, app-mediamajik-8aca, client.log | INFO: Processing ninefold_app_log[missing procfile check] action write (ninefold_app::install_app line 29)
2014/10/14 22:11:39, app-mediamajik-8aca, client.log | WARN:  Worker deployment requested but no Procfile detected in this release! \  - we require a Procfile to be able to set-up your workers \  - please add one and redeploy or remove the 'worker' tier from your app \  --> see http://help.ninefold.com and search for 'procfile'
2014/10/14 22:11:39, app-mediamajik-8aca, client.log | INFO: Processing cookbook_file[/tmp/foreman-0.63.103.gem] action create (ninefold_app::install_app line 38)
2014/10/14 22:11:39, app-mediamajik-8aca, client.log | INFO: Processing gem_package[foreman] action upgrade (ninefold_app::install_app line 45)
2014/10/14 22:11:39, app-mediamajik-8aca, client.log | INFO: Processing template[/var/www/apps/10701/current/.procfile] action create (ninefold_app::install_app line 57)
2014/10/14 22:11:39, app-mediamajik-8aca, client.log | INFO: Processing ruby_block[check service not created properly] action create (ninefold_app::install_app line 74)
2014/10/14 22:11:39, app-mediamajik-8aca, client.log | INFO: Processing ruby_block[install foreman services] action nothing (ninefold_app::install_app line 86)
2014/10/14 22:11:39, app-mediamajik-8aca, client.log | INFO: Processing directory[/var/log/10701/archive] action create (ninefold_app::install_app line 109)
2014/10/14 22:11:39, app-mediamajik-8aca, client.log | INFO: Processing template[/etc/logrotate.d/10701_worker] action create (ninefold_app::install_app line 50)
2014/10/14 22:11:39, app-mediamajik-8aca, client.log | INFO: Processing service[10701] action nothing (ninefold_app::install_app line 128)
2014/10/14 22:11:39, app-mediamajik-8aca, client.log | INFO: Processing ruby_block[delayed app service notifier] action nothing (ninefold_app::install_app line 140)
2014/10/14 22:11:39, app-mediamajik-8aca, client.log | INFO: Processing ninefold_app_log[Completed installation of Procfile defined services] action write (ninefold_app::install_app line 147)
2014/10/14 22:11:39, app-mediamajik-8aca, client.log | INFO: Processing ruby_block[restart app on database.yml change] action nothing (ninefold_app::install_app line 206)
2014/10/14 22:11:39, app-mediamajik-8aca, client.log | INFO: Processing ruby_block[restart app after deployment] action create (ninefold_app::install_app line 215)
2014/10/14 22:11:39, app-mediamajik-8aca, client.log | INFO: Processing ruby_block[delayed web server notifier] action nothing (ninefold_app::install_app line 228)
2014/10/14 22:11:39, app-mediamajik-8aca, client.log | INFO: Processing directory[/var/www/apps/10701/current/public] action create (ninefold_app::install_app line 13)
2014/10/14 22:11:39, app-mediamajik-8aca, client.log | INFO: Processing template[/var/www/apps/10701/current/public/maintenance.html] action create (ninefold_app::install_app line 19)
2014/10/14 22:11:39, app-mediamajik-8aca, client.log | INFO: Processing directory[/var/www/apps/10701/current/tmp] action create (ninefold_app::install_app line 30)
2014/10/14 22:11:39, app-mediamajik-8aca, client.log | INFO: Processing file[/var/www/apps/10701/current/tmp/maintenance.txt] action create (ninefold_app::install_app line 36)
2014/10/14 22:11:39, app-mediamajik-8aca, client.log | INFO: Processing file[/var/www/apps/10701/current/tmp/maintenance.txt] action delete (ninefold_app::install_app line 47)
2014/10/14 22:11:39, app-mediamajik-8aca, client.log | INFO: Processing execute[chown -R app_usr:app_usr /var/www/apps/10701/shared/tmp] action run (ninefold_app::install_app line 6)
2014/10/14 22:11:39, app-mediamajik-8aca, client.log | INFO: execute[chown -R app_usr:app_usr /var/www/apps/10701/shared/tmp] ran successfully
2014/10/14 22:11:40, app-mediamajik-8aca, client.log | INFO: Processing execute[chown -R app_usr:app_usr /var/www/apps/10701/shared/log] action run (ninefold_app::install_app line 6)
2014/10/14 22:11:40, app-mediamajik-8aca, client.log | INFO: execute[chown -R app_usr:app_usr /var/www/apps/10701/shared/log] ran successfully
2014/10/14 22:11:40, app-mediamajik-8aca, client.log | INFO: Processing ruby_block[set_deployment_time for role web on app 10701] action create (ninefold_app::install_app line 8)
2014/10/14 22:11:40, app-mediamajik-8aca, client.log | INFO: ruby_block[set_deployment_time for role web on app 10701] called
2014/10/14 22:11:40, app-mediamajik-8aca, client.log | INFO: ruby_block[set_deployment_time for role web on app 10701] sending create action to cron[chef-client] (immediate)
2014/10/14 22:11:40, app-mediamajik-8aca, client.log | INFO: Processing cron[chef-client] action create (chef-client::cron line 103)
2014/10/14 22:11:40, app-mediamajik-8aca, client.log | INFO: Processing ruby_block[set_deployment_time for role worker on app 10701] action create (ninefold_app::install_app line 8)
2014/10/14 22:11:40, app-mediamajik-8aca, client.log | INFO: ruby_block[set_deployment_time for role worker on app 10701] called
2014/10/14 22:11:40, app-mediamajik-8aca, client.log | INFO: ruby_block[set_deployment_time for role worker on app 10701] sending create action to cron[chef-client] (immediate)
2014/10/14 22:11:40, app-mediamajik-8aca, client.log | INFO: Processing cron[chef-client] action create (chef-client::cron line 103)
2014/10/14 22:11:40, app-mediamajik-8aca, client.log | INFO: Processing ninefold_app_log[Completed web installation] action write (ninefold_app::default line 127)
2014/10/14 22:11:40, app-mediamajik-8aca, client.log | INFO: Completed web installation
2014/10/14 22:11:40, app-mediamajik-8aca, client.log | INFO: Processing ruby_block[record time of first chef-client run] action create (ninefold_app::default line 149)
2014/10/14 22:11:40, app-mediamajik-8aca, client.log | INFO: ruby_block[PostgreSQL ident notifier] sending create action to ruby_block[pg_role_ident] (delayed)
2014/10/14 22:11:40, app-mediamajik-8aca, syslog     | localhost crontab[2667]: (root) LIST (root)
2014/10/14 22:11:41, app-mediamajik-8aca, client.log | INFO: Processing ruby_block[pg_role_ident] action create (ninefold_app::postgresql_promotion line 171)
2014/10/14 22:11:41, app-mediamajik-8aca, client.log | INFO: Chef Run complete in 110.02198586 seconds
2014/10/14 22:11:41, app-mediamajik-8aca, client.log | INFO: Removing cookbooks/ninefold_app/templates/default/maintenance.html.erb from the cache; it is no longer needed by chef-client.
2014/10/14 22:11:41, app-mediamajik-8aca, client.log | INFO: Running report handlers
2014/10/14 22:11:41, app-mediamajik-8aca, syslog     | localhost crontab[2670]: (root) LIST (root)
2014/10/14 22:11:42, app-mediamajik-8aca, client.log | INFO: Report handlers complete
2014/10/14 22:12:02, app-mediamajik-8aca, syslog     | localhost cron[879]: (root) RELOAD (crontabs/root)
2014/10/14 22:17:02, app-mediamajik-8aca, syslog     | localhost CRON[3114]: (root) CMD (   cd / && run-parts --report /etc/cron.hourly)
2014/10/14 22:33:23, app-mediamajik-8aca, 10701-access.log | +0000] "GET / HTTP/1.1" 200 656 "-" "Mozilla/5.0 (Macintosh; Intel Mac OS X 10_8_5) AppleWebKit/537.36 (KHTML, like Gecko) Chrome/38.0.2125.101 Safari/537.36"
2014/10/14 22:33:24, app-mediamajik-8aca, 10701-access.log | +0000] "GET /uploads/image/1/thumb_berlin2.jpg HTTP/1.1" 404 672 "http://mediamajik.ninefold-apps.com/" "Mozilla/5.0 (Macintosh; Intel Mac OS X 10_8_5) AppleWebKit/537.36 (KHTML, like Gecko) Chrome/38.0.2125.101 Safari/537.36"
2014/10/14 22:33:24, app-mediamajik-8aca, production.log | +0000 \ Processing by ImagesController#index as HTML \ Rendered images/index.html.erb within layouts/application (5.1ms) \ Completed 200 OK in 8ms (Views: 5.6ms | ActiveRecord: 1.0ms) \ +0000 \ F, [2014-10-14T11:33:23.753141 #30015] FATAL -- :  \ ActionController::RoutingError (No route matches [GET] "/uploads/image/1/thumb_berlin2.jpg"): \   vendor/bundle/ruby/2.1.0/gems/actionpack-4.1.4/lib/action_dispatch/middleware/debug_exceptions.rb:21:in `call' \   vendor/bundle/ruby/2.1.0/gems/actionpack-4.1.4/lib/action_dispatch/middleware/show_exceptions.rb:30:in `call' \   vendor/bundle/ruby/2.1.0/gems/railties-4.1.4/lib/rails/rack/logger.rb:38:in `call_app' \   vendor/bundle/ruby/2.1.0/gems/railties-4.1.4/lib/rails/rack/logger.rb:20:in `block in call' \   vendor/bundle/ruby/2.1.0/gems/activesupport-4.1.4/lib/active_support/tagged_logging.rb:68:in `block in tagged' \   vendor/bundle/ruby/2.1.0/gems/activesupport-4.1.4/lib/active_support/tagged_logging.rb:26:in `tagged' \   vendor/bundle/ruby/2.1.0/gems/activesupport-4.1.4/lib/active_support/tagged_logging.rb:68:in `tagged' \   vendor/bundle/ruby/2.1.0/gems/railties-4.1.4/lib/rails/rack/logger.rb:20:in `call' \   vendor/bundle/ruby/2.1.0/gems/actionpack-4.1.4/lib/action_dispatch/middleware/request_id.rb:21:in `call' \   vendor/bundle/ruby/2.1.0/gems/rack-1.5.2/lib/rack/methodoverride.rb:21:in `call' \   vendor/bundle/ruby/2.1.0/gems/rack-1.5.2/lib/rack/runtime.rb:17:in `call' \   vendor/bundle/ruby/2.1.0/gems/activesupport-4.1.4/lib/active_support/cache/strategy/local_cache_middleware.rb:26:in `call' \   vendor/bundle/ruby/2.1.0/gems/rack-1.5.2/lib/rack/sendfile.rb:112:in `call' \   vendor/bundle/ruby/2.1.0/gems/railties-4.1.4/lib/rails/engine.rb:514:in `call' \   vendor/bundle/ruby/2.1.0/gems/railties-4.1.4/lib/rails/application.rb:144:in `call' \   /usr/local/ruby-2.1.2/lib/ruby/gems/2.1.0/gems/passenger-4.0.40/lib/phusion_passenger/rack/thread_handler_extension.rb:74:in `process_request' \   /usr/local/ruby-2.1.2/lib/ruby/gems/2.1.0/gems/passenger-4.0.40/lib/phusion_passenger/request_handler/thread_handler.rb:141:in `accept_and_process_next_request' \   /usr/local/ruby-2.1.2/lib/ruby/gems/2.1.0/gems/passenger-4.0.40/lib/phusion_passenger/request_handler/thread_handler.rb:109:in `main_loop' \   /usr/local/ruby-2.1.2/lib/ruby/gems/2.1.0/gems/passenger-4.0.40/lib/phusion_passenger/request_handler.rb:448:in `block (3 levels) in start_threads' \  \  \ +0000 \ Processing by ImagesController#show as HTML \ Parameters: {"id"=>"1"} \ Rendered images/show.html.erb within layouts/application (3.9ms) \ Completed 200 OK in 28ms (Views: 23.5ms | ActiveRecord: 0.8ms) \ +0000 \ F, [2014-10-14T11:33:28.869153 #30015] FATAL -- :  \ ActionController::RoutingError (No route matches [GET] "/uploads/image/1/image_berlin2.jpg"): \   vendor/bundle/ruby/2.1.0/gems/actionpack-4.1.4/lib/action_dispatch/middleware/debug_exceptions.rb:21:in `call' \   vendor/bundle/ruby/2.1.0/gems/actionpack-4.1.4/lib/action_dispatch/middleware/show_exceptions.rb:30:in `call' \   vendor/bundle/ruby/2.1.0/gems/railties-4.1.4/lib/rails/rack/logger.rb:38:in `call_app' \   vendor/bundle/ruby/2.1.0/gems/railties-4.1.4/lib/rails/rack/logger.rb:20:in `block in call' \   vendor/bundle/ruby/2.1.0/gems/activesupport-4.1.4/lib/active_support/tagged_logging.rb:68:in `block in tagged' \   vendor/bundle/ruby/2.1.0/gems/activesupport-4.1.4/lib/active_support/tagged_logging.rb:26:in `tagged' \   vendor/bundle/ruby/2.1.0/gems/activesupport-4.1.4/lib/active_support/tagged_logging.rb:68:in `tagged' \   vendor/bundle/ruby/2.1.0/gems/railties-4.1.4/lib/rails/rack/logger.rb:20:in `call' \   vendor/bundle/ruby/2.1.0/gems/actionpack-4.1.4/lib/action_dispatch/middleware/request_id.rb:21:in `call' \   vendor/bundle/ruby/2.1.0/gems/rack-1.5.2/lib/rack/methodoverride.rb:21:in `call' \   vendor/bundle/ruby/2.1.0/gems/rack-1.5.2/lib/rack/runtime.rb:17:in `call' \   vendor/bundle/ruby/2.1.0/gems/activesupport-4.1.4/lib/active_support/cache/strategy/local_cache_middleware.rb:26:in `call' \   vendor/bundle/ruby/2.1.0/gems/rack-1.5.2/lib/rack/sendfile.rb:112:in `call' \   vendor/bundle/ruby/2.1.0/gems/railties-4.1.4/lib/rails/engine.rb:514:in `call' \   vendor/bundle/ruby/2.1.0/gems/railties-4.1.4/lib/rails/application.rb:144:in `call' \   /usr/local/ruby-2.1.2/lib/ruby/gems/2.1.0/gems/passenger-4.0.40/lib/phusion_passenger/rack/thread_handler_extension.rb:74:in `process_request' \   /usr/local/ruby-2.1.2/lib/ruby/gems/2.1.0/gems/passenger-4.0.40/lib/phusion_passenger/request_handler/thread_handler.rb:141:in `accept_and_process_next_request' \   /usr/local/ruby-2.1.2/lib/ruby/gems/2.1.0/gems/passenger-4.0.40/lib/phusion_passenger/request_handler/thread_handler.rb:109:in `main_loop' \   /usr/local/ruby-2.1.2/lib/ruby/gems/2.1.0/gems/passenger-4.0.40/lib/phusion_passenger/request_handler.rb:448:in `block (3 levels) in start_threads' \  \ 
2014/10/14 22:33:24, app-mediamajik-8aca, production.log | +0000 \ Processing by ImagesController#index as HTML \ Rendered images/index.html.erb within layouts/application (5.1ms) \ Completed 200 OK in 8ms (Views: 5.6ms | ActiveRecord: 1.0ms) \ +0000 \ F, [2014-10-14T11:33:23.753141 #30015] FATAL -- :  \ ActionController::RoutingError (No route matches [GET] "/uploads/image/1/thumb_berlin2.jpg"): \   vendor/bundle/ruby/2.1.0/gems/actionpack-4.1.4/lib/action_dispatch/middleware/debug_exceptions.rb:21:in `call' \   vendor/bundle/ruby/2.1.0/gems/actionpack-4.1.4/lib/action_dispatch/middleware/show_exceptions.rb:30:in `call' \   vendor/bundle/ruby/2.1.0/gems/railties-4.1.4/lib/rails/rack/logger.rb:38:in `call_app' \   vendor/bundle/ruby/2.1.0/gems/railties-4.1.4/lib/rails/rack/logger.rb:20:in `block in call' \   vendor/bundle/ruby/2.1.0/gems/activesupport-4.1.4/lib/active_support/tagged_logging.rb:68:in `block in tagged' \   vendor/bundle/ruby/2.1.0/gems/activesupport-4.1.4/lib/active_support/tagged_logging.rb:26:in `tagged' \   vendor/bundle/ruby/2.1.0/gems/activesupport-4.1.4/lib/active_support/tagged_logging.rb:68:in `tagged' \   vendor/bundle/ruby/2.1.0/gems/railties-4.1.4/lib/rails/rack/logger.rb:20:in `call' \   vendor/bundle/ruby/2.1.0/gems/actionpack-4.1.4/lib/action_dispatch/middleware/request_id.rb:21:in `call' \   vendor/bundle/ruby/2.1.0/gems/rack-1.5.2/lib/rack/methodoverride.rb:21:in `call' \   vendor/bundle/ruby/2.1.0/gems/rack-1.5.2/lib/rack/runtime.rb:17:in `call' \   vendor/bundle/ruby/2.1.0/gems/activesupport-4.1.4/lib/active_support/cache/strategy/local_cache_middleware.rb:26:in `call' \   vendor/bundle/ruby/2.1.0/gems/rack-1.5.2/lib/rack/sendfile.rb:112:in `call' \   vendor/bundle/ruby/2.1.0/gems/railties-4.1.4/lib/rails/engine.rb:514:in `call' \   vendor/bundle/ruby/2.1.0/gems/railties-4.1.4/lib/rails/application.rb:144:in `call' \   /usr/local/ruby-2.1.2/lib/ruby/gems/2.1.0/gems/passenger-4.0.40/lib/phusion_passenger/rack/thread_handler_extension.rb:74:in `process_request' \   /usr/local/ruby-2.1.2/lib/ruby/gems/2.1.0/gems/passenger-4.0.40/lib/phusion_passenger/request_handler/thread_handler.rb:141:in `accept_and_process_next_request' \   /usr/local/ruby-2.1.2/lib/ruby/gems/2.1.0/gems/passenger-4.0.40/lib/phusion_passenger/request_handler/thread_handler.rb:109:in `main_loop' \   /usr/local/ruby-2.1.2/lib/ruby/gems/2.1.0/gems/passenger-4.0.40/lib/phusion_passenger/request_handler.rb:448:in `block (3 levels) in start_threads' \  \  \ +0000 \ Processing by ImagesController#show as HTML \ Parameters: {"id"=>"1"} \ Rendered images/show.html.erb within layouts/application (3.9ms) \ Completed 200 OK in 28ms (Views: 23.5ms | ActiveRecord: 0.8ms) \ +0000 \ F, [2014-10-14T11:33:28.869153 #30015] FATAL -- :  \ ActionController::RoutingError (No route matches [GET] "/uploads/image/1/image_berlin2.jpg"): \   vendor/bundle/ruby/2.1.0/gems/actionpack-4.1.4/lib/action_dispatch/middleware/debug_exceptions.rb:21:in `call' \   vendor/bundle/ruby/2.1.0/gems/actionpack-4.1.4/lib/action_dispatch/middleware/show_exceptions.rb:30:in `call' \   vendor/bundle/ruby/2.1.0/gems/railties-4.1.4/lib/rails/rack/logger.rb:38:in `call_app' \   vendor/bundle/ruby/2.1.0/gems/railties-4.1.4/lib/rails/rack/logger.rb:20:in `block in call' \   vendor/bundle/ruby/2.1.0/gems/activesupport-4.1.4/lib/active_support/tagged_logging.rb:68:in `block in tagged' \   vendor/bundle/ruby/2.1.0/gems/activesupport-4.1.4/lib/active_support/tagged_logging.rb:26:in `tagged' \   vendor/bundle/ruby/2.1.0/gems/activesupport-4.1.4/lib/active_support/tagged_logging.rb:68:in `tagged' \   vendor/bundle/ruby/2.1.0/gems/railties-4.1.4/lib/rails/rack/logger.rb:20:in `call' \   vendor/bundle/ruby/2.1.0/gems/actionpack-4.1.4/lib/action_dispatch/middleware/request_id.rb:21:in `call' \   vendor/bundle/ruby/2.1.0/gems/rack-1.5.2/lib/rack/methodoverride.rb:21:in `call' \   vendor/bundle/ruby/2.1.0/gems/rack-1.5.2/lib/rack/runtime.rb:17:in `call' \   vendor/bundle/ruby/2.1.0/gems/activesupport-4.1.4/lib/active_support/cache/strategy/local_cache_middleware.rb:26:in `call' \   vendor/bundle/ruby/2.1.0/gems/rack-1.5.2/lib/rack/sendfile.rb:112:in `call' \   vendor/bundle/ruby/2.1.0/gems/railties-4.1.4/lib/rails/engine.rb:514:in `call' \   vendor/bundle/ruby/2.1.0/gems/railties-4.1.4/lib/rails/application.rb:144:in `call' \   /usr/local/ruby-2.1.2/lib/ruby/gems/2.1.0/gems/passenger-4.0.40/lib/phusion_passenger/rack/thread_handler_extension.rb:74:in `process_request' \   /usr/local/ruby-2.1.2/lib/ruby/gems/2.1.0/gems/passenger-4.0.40/lib/phusion_passenger/request_handler/thread_handler.rb:141:in `accept_and_process_next_request' \   /usr/local/ruby-2.1.2/lib/ruby/gems/2.1.0/gems/passenger-4.0.40/lib/phusion_passenger/request_handler/thread_handler.rb:109:in `main_loop' \   /usr/local/ruby-2.1.2/lib/ruby/gems/2.1.0/gems/passenger-4.0.40/lib/phusion_passenger/request_handler.rb:448:in `block (3 levels) in start_threads' \  \ 
2014/10/14 22:33:25, app-mediamajik-8aca, 10701-access.log | +0000] "GET /favicon.ico HTTP/1.1" 200 - "-" "Mozilla/5.0 (Macintosh; Intel Mac OS X 10_8_5) AppleWebKit/537.36 (KHTML, like Gecko) Chrome/38.0.2125.101 Safari/537.36"
2014/10/14 22:33:28, app-mediamajik-8aca, 10701-access.log | +0000] "GET /images/1 HTTP/1.1" 200 511 "http://mediamajik.ninefold-apps.com/" "Mozilla/5.0 (Macintosh; Intel Mac OS X 10_8_5) AppleWebKit/537.36 (KHTML, like Gecko) Chrome/38.0.2125.101 Safari/537.36"
2014/10/14 22:33:29, app-mediamajik-8aca, 10701-access.log | +0000] "GET /uploads/image/1/image_berlin2.jpg HTTP/1.1" 404 672 "http://mediamajik.ninefold-apps.com/images/1" "Mozilla/5.0 (Macintosh; Intel Mac OS X 10_8_5) AppleWebKit/537.36 (KHTML, like Gecko) Chrome/38.0.2125.101 Safari/537.36"
2014/10/14 22:33:30, app-mediamajik-8aca, 10701-access.log | +0000] "GET /images HTTP/1.1" 200 656 "http://mediamajik.ninefold-apps.com/images/1" "Mozilla/5.0 (Macintosh; Intel Mac OS X 10_8_5) AppleWebKit/537.36 (KHTML, like Gecko) Chrome/38.0.2125.101 Safari/537.36"
2014/10/14 22:33:31, app-mediamajik-8aca, 10701-access.log | +0000] "GET /uploads/image/1/thumb_berlin2.jpg HTTP/1.1" 404 672 "http://mediamajik.ninefold-apps.com/images" "Mozilla/5.0 (Macintosh; Intel Mac OS X 10_8_5) AppleWebKit/537.36 (KHTML, like Gecko) Chrome/38.0.2125.101 Safari/537.36"
2014/10/14 22:33:31, app-mediamajik-8aca, production.log | +0000 \ Processing by ImagesController#index as HTML \ Rendered images/index.html.erb within layouts/application (10.4ms) \ Completed 200 OK in 17ms (Views: 13.1ms | ActiveRecord: 1.7ms) \ +0000 \ F, [2014-10-14T11:33:30.458095 #30015] FATAL -- :  \ ActionController::RoutingError (No route matches [GET] "/uploads/image/1/thumb_berlin2.jpg"): \   vendor/bundle/ruby/2.1.0/gems/actionpack-4.1.4/lib/action_dispatch/middleware/debug_exceptions.rb:21:in `call' \   vendor/bundle/ruby/2.1.0/gems/actionpack-4.1.4/lib/action_dispatch/middleware/show_exceptions.rb:30:in `call' \   vendor/bundle/ruby/2.1.0/gems/railties-4.1.4/lib/rails/rack/logger.rb:38:in `call_app' \   vendor/bundle/ruby/2.1.0/gems/railties-4.1.4/lib/rails/rack/logger.rb:20:in `block in call' \   vendor/bundle/ruby/2.1.0/gems/activesupport-4.1.4/lib/active_support/tagged_logging.rb:68:in `block in tagged' \   vendor/bundle/ruby/2.1.0/gems/activesupport-4.1.4/lib/active_support/tagged_logging.rb:26:in `tagged' \   vendor/bundle/ruby/2.1.0/gems/activesupport-4.1.4/lib/active_support/tagged_logging.rb:68:in `tagged' \   vendor/bundle/ruby/2.1.0/gems/railties-4.1.4/lib/rails/rack/logger.rb:20:in `call' \   vendor/bundle/ruby/2.1.0/gems/actionpack-4.1.4/lib/action_dispatch/middleware/request_id.rb:21:in `call' \   vendor/bundle/ruby/2.1.0/gems/rack-1.5.2/lib/rack/methodoverride.rb:21:in `call' \   vendor/bundle/ruby/2.1.0/gems/rack-1.5.2/lib/rack/runtime.rb:17:in `call' \   vendor/bundle/ruby/2.1.0/gems/activesupport-4.1.4/lib/active_support/cache/strategy/local_cache_middleware.rb:26:in `call' \   vendor/bundle/ruby/2.1.0/gems/rack-1.5.2/lib/rack/sendfile.rb:112:in `call' \   vendor/bundle/ruby/2.1.0/gems/railties-4.1.4/lib/rails/engine.rb:514:in `call' \   vendor/bundle/ruby/2.1.0/gems/railties-4.1.4/lib/rails/application.rb:144:in `call' \   /usr/local/ruby-2.1.2/lib/ruby/gems/2.1.0/gems/passenger-4.0.40/lib/phusion_passenger/rack/thread_handler_extension.rb:74:in `process_request' \   /usr/local/ruby-2.1.2/lib/ruby/gems/2.1.0/gems/passenger-4.0.40/lib/phusion_passenger/request_handler/thread_handler.rb:141:in `accept_and_process_next_request' \   /usr/local/ruby-2.1.2/lib/ruby/gems/2.1.0/gems/passenger-4.0.40/lib/phusion_passenger/request_handler/thread_handler.rb:109:in `main_loop' \   /usr/local/ruby-2.1.2/lib/ruby/gems/2.1.0/gems/passenger-4.0.40/lib/phusion_passenger/request_handler.rb:448:in `block (3 levels) in start_threads' \  \  \ +0000 \ Processing by GalleriesController#index as HTML \ Rendered galleries/_gallery_table_heading.html.erb (0.7ms) \ Rendered galleries/index.html.erb within layouts/application (8.9ms) \ Completed 200 OK in 29ms (Views: 26.8ms | ActiveRecord: 0.7ms) \ +0000 \ Processing by ImagesController#index as HTML \ Rendered images/index.html.erb within layouts/application (5.4ms) \ Completed 200 OK in 9ms (Views: 6.3ms | ActiveRecord: 1.0ms) \ +0000 \ F, [2014-10-14T11:33:33.877759 #30015] FATAL -- :  \ ActionController::RoutingError (No route matches [GET] "/uploads/image/1/thumb_berlin2.jpg"): \   vendor/bundle/ruby/2.1.0/gems/actionpack-4.1.4/lib/action_dispatch/middleware/debug_exceptions.rb:21:in `call' \   vendor/bundle/ruby/2.1.0/gems/actionpack-4.1.4/lib/action_dispatch/middleware/show_exceptions.rb:30:in `call' \   vendor/bundle/ruby/2.1.0/gems/railties-4.1.4/lib/rails/rack/logger.rb:38:in `call_app' \   vendor/bundle/ruby/2.1.0/gems/railties-4.1.4/lib/rails/rack/logger.rb:20:in `block in call' \   vendor/bundle/ruby/2.1.0/gems/activesupport-4.1.4/lib/active_support/tagged_logging.rb:68:in `block in tagged' \   vendor/bundle/ruby/2.1.0/gems/activesupport-4.1.4/lib/active_support/tagged_logging.rb:26:in `tagged' \   vendor/bundle/ruby/2.1.0/gems/activesupport-4.1.4/lib/active_support/tagged_logging.rb:68:in `tagged' \   vendor/bundle/ruby/2.1.0/gems/railties-4.1.4/lib/rails/rack/logger.rb:20:in `call' \   vendor/bundle/ruby/2.1.0/gems/actionpack-4.1.4/lib/action_dispatch/middleware/request_id.rb:21:in `call' \   vendor/bundle/ruby/2.1.0/gems/rack-1.5.2/lib/rack/methodoverride.rb:21:in `call' \   vendor/bundle/ruby/2.1.0/gems/rack-1.5.2/lib/rack/runtime.rb:17:in `call' \   vendor/bundle/ruby/2.1.0/gems/activesupport-4.1.4/lib/active_support/cache/strategy/local_cache_middleware.rb:26:in `call' \   vendor/bundle/ruby/2.1.0/gems/rack-1.5.2/lib/rack/sendfile.rb:112:in `call' \   vendor/bundle/ruby/2.1.0/gems/railties-4.1.4/lib/rails/engine.rb:514:in `call' \   vendor/bundle/ruby/2.1.0/gems/railties-4.1.4/lib/rails/application.rb:144:in `call' \   /usr/local/ruby-2.1.2/lib/ruby/gems/2.1.0/gems/passenger-4.0.40/lib/phusion_passenger/rack/thread_handler_extension.rb:74:in `process_request' \   /usr/local/ruby-2.1.2/lib/ruby/gems/2.1.0/gems/passenger-4.0.40/lib/phusion_passenger/request_handler/thread_handler.rb:141:in `accept_and_process_next_request' \   /usr/local/ruby-2.1.2/lib/ruby/gems/2.1.0/gems/passenger-4.0.40/lib/phusion_passenger/request_handler/thread_handler.rb:109:in `main_loop' \   /usr/local/ruby-2.1.2/lib/ruby/gems/2.1.0/gems/passenger-4.0.40/lib/phusion_passenger/request_handler.rb:448:in `block (3 levels) in start_threads' \  \ 
2014/10/14 22:33:33, app-mediamajik-8aca, 10701-access.log | +0000] "GET /galleries HTTP/1.1" 200 453 "http://mediamajik.ninefold-apps.com/images" "Mozilla/5.0 (Macintosh; Intel Mac OS X 10_8_5) AppleWebKit/537.36 (KHTML, like Gecko) Chrome/38.0.2125.101 Safari/537.36"
2014/10/14 22:33:33, app-mediamajik-8aca, 10701-access.log | +0000] "GET /images HTTP/1.1" 304 - "http://mediamajik.ninefold-apps.com/galleries" "Mozilla/5.0 (Macintosh; Intel Mac OS X 10_8_5) AppleWebKit/537.36 (KHTML, like Gecko) Chrome/38.0.2125.101 Safari/537.36"
2014/10/14 22:33:34, app-mediamajik-8aca, 10701-access.log | +0000] "GET /uploads/image/1/thumb_berlin2.jpg HTTP/1.1" 404 672 "http://mediamajik.ninefold-apps.com/images" "Mozilla/5.0 (Macintosh; Intel Mac OS X 10_8_5) AppleWebKit/537.36 (KHTML, like Gecko) Chrome/38.0.2125.101 Safari/537.36"
2014/10/14 22:33:38, app-mediamajik-8aca, 10701-access.log | +0000] "GET /image/galleries/1 HTTP/1.1" 200 455 "http://mediamajik.ninefold-apps.com/images" "Mozilla/5.0 (Macintosh; Intel Mac OS X 10_8_5) AppleWebKit/537.36 (KHTML, like Gecko) Chrome/38.0.2125.101 Safari/537.36"
2014/10/14 22:33:38, app-mediamajik-8aca, production.log | +0000 \ Processing by GalleriesController#select as HTML \ Parameters: {"image_id"=>"1"} \ Rendered galleries/_gallery_table_heading.html.erb (0.1ms) \ Rendered galleries/select.html.erb within layouts/application (3.5ms) \ Completed 200 OK in 11ms (Views: 8.1ms | ActiveRecord: 0.6ms)
2014/10/14 22:33:38, app-mediamajik-8aca, production.log | +0000 \ Processing by GalleriesController#select as HTML \ Parameters: {"image_id"=>"1"} \ Rendered galleries/_gallery_table_heading.html.erb (0.1ms) \ Rendered galleries/select.html.erb within layouts/application (3.5ms) \ Completed 200 OK in 11ms (Views: 8.1ms | ActiveRecord: 0.6ms)
2014/10/14 22:33:39, app-mediamajik-8aca, 10701-access.log | +0000] "GET /images HTTP/1.1" 304 - "http://mediamajik.ninefold-apps.com/image/galleries/1" "Mozilla/5.0 (Macintosh; Intel Mac OS X 10_8_5) AppleWebKit/537.36 (KHTML, like Gecko) Chrome/38.0.2125.101 Safari/537.36"
2014/10/14 22:33:40, app-mediamajik-8aca, 10701-access.log | +0000] "GET /uploads/image/1/thumb_berlin2.jpg HTTP/1.1" 404 672 "http://mediamajik.ninefold-apps.com/images" "Mozilla/5.0 (Macintosh; Intel Mac OS X 10_8_5) AppleWebKit/537.36 (KHTML, like Gecko) Chrome/38.0.2125.101 Safari/537.36"
2014/10/14 22:33:40, app-mediamajik-8aca, production.log | +0000 \ Processing by ImagesController#index as HTML \ Rendered images/index.html.erb within layouts/application (8.7ms) \ Completed 200 OK in 14ms (Views: 10.1ms | ActiveRecord: 1.9ms) \ +0000 \ F, [2014-10-14T11:33:39.901168 #30015] FATAL -- :  \ ActionController::RoutingError (No route matches [GET] "/uploads/image/1/thumb_berlin2.jpg"): \   vendor/bundle/ruby/2.1.0/gems/actionpack-4.1.4/lib/action_dispatch/middleware/debug_exceptions.rb:21:in `call' \   vendor/bundle/ruby/2.1.0/gems/actionpack-4.1.4/lib/action_dispatch/middleware/show_exceptions.rb:30:in `call' \   vendor/bundle/ruby/2.1.0/gems/railties-4.1.4/lib/rails/rack/logger.rb:38:in `call_app' \   vendor/bundle/ruby/2.1.0/gems/railties-4.1.4/lib/rails/rack/logger.rb:20:in `block in call' \   vendor/bundle/ruby/2.1.0/gems/activesupport-4.1.4/lib/active_support/tagged_logging.rb:68:in `block in tagged' \   vendor/bundle/ruby/2.1.0/gems/activesupport-4.1.4/lib/active_support/tagged_logging.rb:26:in `tagged' \   vendor/bundle/ruby/2.1.0/gems/activesupport-4.1.4/lib/active_support/tagged_logging.rb:68:in `tagged' \   vendor/bundle/ruby/2.1.0/gems/railties-4.1.4/lib/rails/rack/logger.rb:20:in `call' \   vendor/bundle/ruby/2.1.0/gems/actionpack-4.1.4/lib/action_dispatch/middleware/request_id.rb:21:in `call' \   vendor/bundle/ruby/2.1.0/gems/rack-1.5.2/lib/rack/methodoverride.rb:21:in `call' \   vendor/bundle/ruby/2.1.0/gems/rack-1.5.2/lib/rack/runtime.rb:17:in `call' \   vendor/bundle/ruby/2.1.0/gems/activesupport-4.1.4/lib/active_support/cache/strategy/local_cache_middleware.rb:26:in `call' \   vendor/bundle/ruby/2.1.0/gems/rack-1.5.2/lib/rack/sendfile.rb:112:in `call' \   vendor/bundle/ruby/2.1.0/gems/railties-4.1.4/lib/rails/engine.rb:514:in `call' \   vendor/bundle/ruby/2.1.0/gems/railties-4.1.4/lib/rails/application.rb:144:in `call' \   /usr/local/ruby-2.1.2/lib/ruby/gems/2.1.0/gems/passenger-4.0.40/lib/phusion_passenger/rack/thread_handler_extension.rb:74:in `process_request' \   /usr/local/ruby-2.1.2/lib/ruby/gems/2.1.0/gems/passenger-4.0.40/lib/phusion_passenger/request_handler/thread_handler.rb:141:in `accept_and_process_next_request' \   /usr/local/ruby-2.1.2/lib/ruby/gems/2.1.0/gems/passenger-4.0.40/lib/phusion_passenger/request_handler/thread_handler.rb:109:in `main_loop' \   /usr/local/ruby-2.1.2/lib/ruby/gems/2.1.0/gems/passenger-4.0.40/lib/phusion_passenger/request_handler.rb:448:in `block (3 levels) in start_threads' \  \  \ +0000 \ Processing by ImagesController#destroy as HTML \ Parameters: {"authenticity_token"=>"JzCdpjzztlZ1LJs9+6+qdx9Ed8Z+oXrw3oCXguIwKQU=", "id"=>"1"} \ Redirected to http://mediamajik.ninefold-apps.com/images \ Completed 302 Found in 339ms (ActiveRecord: 285.2ms) \ +0000 \ Processing by ImagesController#index as HTML \ Rendered images/index.html.erb within layouts/application (2.1ms) \ Completed 200 OK in 5ms (Views: 3.1ms | ActiveRecord: 0.4ms) \ +0000 \ Processing by ImagesController#new as HTML \ Rendered images/_form.html.erb (97.9ms) \ Rendered images/new.html.erb within layouts/application (101.9ms) \ Completed 200 OK in 110ms (Views: 107.3ms | ActiveRecord: 0.0ms)
2014/10/14 22:33:43, app-mediamajik-8aca, 10701-access.log | +0000] "POST /images/1 HTTP/1.1" 302 111 "http://mediamajik.ninefold-apps.com/images" "Mozilla/5.0 (Macintosh; Intel Mac OS X 10_8_5) AppleWebKit/537.36 (KHTML, like Gecko) Chrome/38.0.2125.101 Safari/537.36"
2014/10/14 22:33:44, app-mediamajik-8aca, 10701-access.log | +0000] "GET /images HTTP/1.1" 200 461 "http://mediamajik.ninefold-apps.com/images" "Mozilla/5.0 (Macintosh; Intel Mac OS X 10_8_5) AppleWebKit/537.36 (KHTML, like Gecko) Chrome/38.0.2125.101 Safari/537.36"
2014/10/14 22:33:45, app-mediamajik-8aca, 10701-access.log | +0000] "GET /images/new HTTP/1.1" 200 657 "http://mediamajik.ninefold-apps.com/images" "Mozilla/5.0 (Macintosh; Intel Mac OS X 10_8_5) AppleWebKit/537.36 (KHTML, like Gecko) Chrome/38.0.2125.101 Safari/537.36"
2014/10/14 22:34:11, app-mediamajik-8aca, 10701-access.log | +0000] "POST /images HTTP/1.1" 302 113 "http://mediamajik.ninefold-apps.com/images/new" "Mozilla/5.0 (Macintosh; Intel Mac OS X 10_8_5) AppleWebKit/537.36 (KHTML, like Gecko) Chrome/38.0.2125.101 Safari/537.36"
2014/10/14 22:34:11, app-mediamajik-8aca, 10701-access.log | +0000] "GET /images/2 HTTP/1.1" 200 531 "http://mediamajik.ninefold-apps.com/images/new" "Mozilla/5.0 (Macintosh; Intel Mac OS X 10_8_5) AppleWebKit/537.36 (KHTML, like Gecko) Chrome/38.0.2125.101 Safari/537.36"
2014/10/14 22:34:12, app-mediamajik-8aca, production.log | +0000 \ Processing by ImagesController#create as HTML \ Parameters: {"utf8"=>"✓", "authenticity_token"=>"JzCdpjzztlZ1LJs9+6+qdx9Ed8Z+oXrw3oCXguIwKQU=", "image"=>{"image"=>#<ActionDispatch::Http::UploadedFile:0x000000067e1f70 @tempfile=#<Tempfile:/tmp/RackMultipart20141014-30015-1ejxkhx>, @original_filename="beautiful-village-home.jpg", @content_type="image/jpeg", @headers="Content-Disposition: form-data; name=\"image[image]\"; filename=\"beautiful-village-home.jpg\"\r\nContent-Type: image/jpeg\r\n">, "title"=>"Village Home", "caption"=>"A beautiful village home."}, "commit"=>"Create Image"} \ Redirected to http://mediamajik.ninefold-apps.com/images/2 \ Completed 302 Found in 952ms (ActiveRecord: 314.9ms) \ +0000 \ Processing by ImagesController#show as HTML \ Parameters: {"id"=>"2"} \ Rendered images/show.html.erb within layouts/application (4.1ms) \ Completed 200 OK in 13ms (Views: 8.3ms | ActiveRecord: 0.8ms) \ +0000 \ Processing by ImagesController#index as HTML \ Rendered images/index.html.erb within layouts/application (8.2ms) \ Completed 200 OK in 13ms (Views: 9.4ms | ActiveRecord: 1.5ms)
2014/10/14 22:34:12, app-mediamajik-8aca, 10701-access.log | +0000] "GET /uploads/image/2/image_beautiful-village-home.jpg HTTP/1.1" 200 235118 "http://mediamajik.ninefold-apps.com/images/2" "Mozilla/5.0 (Macintosh; Intel Mac OS X 10_8_5) AppleWebKit/537.36 (KHTML, like Gecko) Chrome/38.0.2125.101 Safari/537.36"
2014/10/14 22:34:14, app-mediamajik-8aca, 10701-access.log | +0000] "GET /images HTTP/1.1" 200 654 "http://mediamajik.ninefold-apps.com/images/2" "Mozilla/5.0 (Macintosh; Intel Mac OS X 10_8_5) AppleWebKit/537.36 (KHTML, like Gecko) Chrome/38.0.2125.101 Safari/537.36"
2014/10/14 22:34:15, app-mediamajik-8aca, 10701-access.log | +0000] "GET /uploads/image/2/thumb_beautiful-village-home.jpg HTTP/1.1" 200 9640 "http://mediamajik.ninefold-apps.com/images" "Mozilla/5.0 (Macintosh; Intel Mac OS X 10_8_5) AppleWebKit/537.36 (KHTML, like Gecko) Chrome/38.0.2125.101 Safari/537.36"
2014/10/14 22:34:16, app-mediamajik-8aca, 10701-access.log | +0000] "GET /images/2 HTTP/1.1" 200 512 "http://mediamajik.ninefold-apps.com/images" "Mozilla/5.0 (Macintosh; Intel Mac OS X 10_8_5) AppleWebKit/537.36 (KHTML, like Gecko) Chrome/38.0.2125.101 Safari/537.36"
2014/10/14 22:34:16, app-mediamajik-8aca, production.log | +0000 \ Processing by ImagesController#show as HTML \ Parameters: {"id"=>"2"} \ Rendered images/show.html.erb within layouts/application (2.2ms) \ Completed 200 OK in 9ms (Views: 4.7ms | ActiveRecord: 0.8ms) \ +0000 \ Processing by ImagesController#index as HTML \ Rendered images/index.html.erb within layouts/application (4.3ms) \ Completed 200 OK in 7ms (Views: 5.2ms | ActiveRecord: 0.7ms)
2014/10/14 22:34:20, app-mediamajik-8aca, 10701-access.log | +0000] "GET /images HTTP/1.1" 304 - "http://mediamajik.ninefold-apps.com/images/2" "Mozilla/5.0 (Macintosh; Intel Mac OS X 10_8_5) AppleWebKit/537.36 (KHTML, like Gecko) Chrome/38.0.2125.101 Safari/537.36"
2014/10/14 22:34:24, app-mediamajik-8aca, 10701-access.log | +0000] "GET /image/galleries/2 HTTP/1.1" 200 455 "http://mediamajik.ninefold-apps.com/images" "Mozilla/5.0 (Macintosh; Intel Mac OS X 10_8_5) AppleWebKit/537.36 (KHTML, like Gecko) Chrome/38.0.2125.101 Safari/537.36"
2014/10/14 22:34:24, app-mediamajik-8aca, production.log | +0000 \ Processing by GalleriesController#select as HTML \ Parameters: {"image_id"=>"2"} \ Rendered galleries/_gallery_table_heading.html.erb (0.1ms) \ Rendered galleries/select.html.erb within layouts/application (1.5ms) \ Completed 200 OK in 4ms (Views: 2.6ms | ActiveRecord: 0.4ms) \ +0000 \ Processing by GalleriesController#new as HTML \ Rendered galleries/_form.html.erb (13.6ms) \ Rendered galleries/new.html.erb within layouts/application (22.1ms) \ Completed 500 Internal Server Error in 39ms \ F, [2014-10-14T11:34:24.324224 #30015] FATAL -- :  \ ActionView::Template::Error (undefined method `owner' for #<Gallery:0x00000006b44de8>): \     13:  \     14:   <div class="field"> \     15:     <%= f.label :owner %><br> \     16:     <%= f.text_field :owner %> \     17:   </div> \     18:  \     19:   <div class="actions"> \   app/views/galleries/_form.html.erb:16:in `block in _app_views_galleries__form_html_erb___3821465862903044487_56333900' \   app/views/galleries/_form.html.erb:1:in `_app_views_galleries__form_html_erb___3821465862903044487_56333900' \   app/views/galleries/new.html.erb:3:in `_app_views_galleries_new_html_erb__4383221252958850003_56258560' \  \  \ +0000 \ Processing by GalleriesController#new as HTML \ Rendered galleries/_form.html.erb (5.1ms) \ Rendered galleries/new.html.erb within layouts/application (7.4ms) \ Completed 500 Internal Server Error in 11ms \ F, [2014-10-14T11:34:24.412469 #30015] FATAL -- :  \ ActionView::Template::Error (undefined method `owner' for #<Gallery:0x00000006cd2f48>): \     13:  \     14:   <div class="field"> \     15:     <%= f.label :owner %><br> \     16:     <%= f.text_field :owner %> \     17:   </div> \     18:  \     19:   <div class="actions"> \   app/views/galleries/_form.html.erb:16:in `block in _app_views_galleries__form_html_erb___3821465862903044487_57095600' \   app/views/galleries/_form.html.erb:1:in `_app_views_galleries__form_html_erb___3821465862903044487_57095600' \   app/views/galleries/new.html.erb:3:in `_app_views_galleries_new_html_erb__4383221252958850003_57050680' \  \ 
2014/10/14 22:34:24, app-mediamajik-8aca, production.log | +0000 \ Processing by GalleriesController#select as HTML \ Parameters: {"image_id"=>"2"} \ Rendered galleries/_gallery_table_heading.html.erb (0.1ms) \ Rendered galleries/select.html.erb within layouts/application (1.5ms) \ Completed 200 OK in 4ms (Views: 2.6ms | ActiveRecord: 0.4ms) \ +0000 \ Processing by GalleriesController#new as HTML \ Rendered galleries/_form.html.erb (13.6ms) \ Rendered galleries/new.html.erb within layouts/application (22.1ms) \ Completed 500 Internal Server Error in 39ms \ F, [2014-10-14T11:34:24.324224 #30015] FATAL -- :  \ ActionView::Template::Error (undefined method `owner' for #<Gallery:0x00000006b44de8>): \     13:  \     14:   <div class="field"> \     15:     <%= f.label :owner %><br> \     16:     <%= f.text_field :owner %> \     17:   </div> \     18:  \     19:   <div class="actions"> \   app/views/galleries/_form.html.erb:16:in `block in _app_views_galleries__form_html_erb___3821465862903044487_56333900' \   app/views/galleries/_form.html.erb:1:in `_app_views_galleries__form_html_erb___3821465862903044487_56333900' \   app/views/galleries/new.html.erb:3:in `_app_views_galleries_new_html_erb__4383221252958850003_56258560' \  \  \ +0000 \ Processing by GalleriesController#new as HTML \ Rendered galleries/_form.html.erb (5.1ms) \ Rendered galleries/new.html.erb within layouts/application (7.4ms) \ Completed 500 Internal Server Error in 11ms \ F, [2014-10-14T11:34:24.412469 #30015] FATAL -- :  \ ActionView::Template::Error (undefined method `owner' for #<Gallery:0x00000006cd2f48>): \     13:  \     14:   <div class="field"> \     15:     <%= f.label :owner %><br> \     16:     <%= f.text_field :owner %> \     17:   </div> \     18:  \     19:   <div class="actions"> \   app/views/galleries/_form.html.erb:16:in `block in _app_views_galleries__form_html_erb___3821465862903044487_57095600' \   app/views/galleries/_form.html.erb:1:in `_app_views_galleries__form_html_erb___3821465862903044487_57095600' \   app/views/galleries/new.html.erb:3:in `_app_views_galleries_new_html_erb__4383221252958850003_57050680' \  \ 
2014/10/14 22:34:24, app-mediamajik-8aca, 10701-access.log | +0000] "GET /galleries/new HTTP/1.1" 500 636 "http://mediamajik.ninefold-apps.com/image/galleries/2" "Mozilla/5.0 (Macintosh; Intel Mac OS X 10_8_5) AppleWebKit/537.36 (KHTML, like Gecko) Chrome/38.0.2125.101 Safari/537.36"
2014/10/14 22:34:25, app-mediamajik-8aca, 10701-access.log | +0000] "GET /galleries/new HTTP/1.1" 500 636 "http://mediamajik.ninefold-apps.com/image/galleries/2" "Mozilla/5.0 (Macintosh; Intel Mac OS X 10_8_5) AppleWebKit/537.36 (KHTML, like Gecko) Chrome/38.0.2125.101 Safari/537.36"
